CRITICAL - 2024-12-29 08:26:11 --> ErrorException: Cannot redeclare Config\Database::$default
[Method: GET, Route: transactions]
in APPPATH\Config\Database.php on line 148.
 1 [internal function]: CodeIgniter\Debug\Exceptions->shutdownHandler()
ERROR - 2024-12-29 08:31:41 --> Error connecting to the database: mysqli_sql_exception: Unknown database 'finance_manager' in C:\xampp\htdocs\finance-manager\vendor\codeigniter4\framework\system\Database\MySQLi\Connection.php:186
Stack trace:
#0 C:\xampp\htdocs\finance-manager\vendor\codeigniter4\framework\system\Database\MySQLi\Connection.php(186): mysqli->real_connect('localhost', 'root', Object(SensitiveParameterValue), 'finance_manager', NULL, '', 0)
#1 C:\xampp\htdocs\finance-manager\vendor\codeigniter4\framework\system\Database\BaseConnection.php(421): CodeIgniter\Database\MySQLi\Connection->connect(false)
#2 C:\xampp\htdocs\finance-manager\vendor\codeigniter4\framework\system\Database\BaseConnection.php(616): CodeIgniter\Database\BaseConnection->initialize()
#3 C:\xampp\htdocs\finance-manager\vendor\codeigniter4\framework\system\Database\BaseBuilder.php(1644): CodeIgniter\Database\BaseConnection->query('SELECT *\nFROM `...', Array, false)
#4 C:\xampp\htdocs\finance-manager\vendor\codeigniter4\framework\system\Model.php(286): CodeIgniter\Database\BaseBuilder->get()
#5 C:\xampp\htdocs\finance-manager\vendor\codeigniter4\framework\system\BaseModel.php(675): CodeIgniter\Model->doFindAll(0, 0)
#6 C:\xampp\htdocs\finance-manager\app\Controllers\TransactionController.php(9): CodeIgniter\BaseModel->findAll()
#7 C:\xampp\htdocs\finance-manager\vendor\codeigniter4\framework\system\CodeIgniter.php(933): App\Controllers\TransactionController->index()
#8 C:\xampp\htdocs\finance-manager\vendor\codeigniter4\framework\system\CodeIgniter.php(509): CodeIgniter\CodeIgniter->runController(Object(App\Controllers\TransactionController))
#9 C:\xampp\htdocs\finance-manager\vendor\codeigniter4\framework\system\CodeIgniter.php(355): CodeIgniter\CodeIgniter->handleRequest(NULL, Object(Config\Cache), false)
#10 C:\xampp\htdocs\finance-manager\vendor\codeigniter4\framework\system\Boot.php(334): CodeIgniter\CodeIgniter->run()
#11 C:\xampp\htdocs\finance-manager\vendor\codeigniter4\framework\system\Boot.php(67): CodeIgniter\Boot::runCodeIgniter(Object(CodeIgniter\CodeIgniter))
#12 C:\xampp\htdocs\finance-manager\public\index.php(56): CodeIgniter\Boot::bootWeb(Object(Config\Paths))
#13 C:\xampp\htdocs\finance-manager\vendor\codeigniter4\framework\system\rewrite.php(44): require_once('C:\\xampp\\htdocs...')
#14 {main}

Next CodeIgniter\Database\Exceptions\DatabaseException: Unknown database 'finance_manager' in C:\xampp\htdocs\finance-manager\vendor\codeigniter4\framework\system\Database\MySQLi\Connection.php:231
Stack trace:
#0 C:\xampp\htdocs\finance-manager\vendor\codeigniter4\framework\system\Database\BaseConnection.php(421): CodeIgniter\Database\MySQLi\Connection->connect(false)
#1 C:\xampp\htdocs\finance-manager\vendor\codeigniter4\framework\system\Database\BaseConnection.php(616): CodeIgniter\Database\BaseConnection->initialize()
#2 C:\xampp\htdocs\finance-manager\vendor\codeigniter4\framework\system\Database\BaseBuilder.php(1644): CodeIgniter\Database\BaseConnection->query('SELECT *\nFROM `...', Array, false)
#3 C:\xampp\htdocs\finance-manager\vendor\codeigniter4\framework\system\Model.php(286): CodeIgniter\Database\BaseBuilder->get()
#4 C:\xampp\htdocs\finance-manager\vendor\codeigniter4\framework\system\BaseModel.php(675): CodeIgniter\Model->doFindAll(0, 0)
#5 C:\xampp\htdocs\finance-manager\app\Controllers\TransactionController.php(9): CodeIgniter\BaseModel->findAll()
#6 C:\xampp\htdocs\finance-manager\vendor\codeigniter4\framework\system\CodeIgniter.php(933): App\Controllers\TransactionController->index()
#7 C:\xampp\htdocs\finance-manager\vendor\codeigniter4\framework\system\CodeIgniter.php(509): CodeIgniter\CodeIgniter->runController(Object(App\Controllers\TransactionController))
#8 C:\xampp\htdocs\finance-manager\vendor\codeigniter4\framework\system\CodeIgniter.php(355): CodeIgniter\CodeIgniter->handleRequest(NULL, Object(Config\Cache), false)
#9 C:\xampp\htdocs\finance-manager\vendor\codeigniter4\framework\system\Boot.php(334): CodeIgniter\CodeIgniter->run()
#10 C:\xampp\htdocs\finance-manager\vendor\codeigniter4\framework\system\Boot.php(67): CodeIgniter\Boot::runCodeIgniter(Object(CodeIgniter\CodeIgniter))
#11 C:\xampp\htdocs\finance-manager\public\index.php(56): CodeIgniter\Boot::bootWeb(Object(Config\Paths))
#12 C:\xampp\htdocs\finance-manager\vendor\codeigniter4\framework\system\rewrite.php(44): require_once('C:\\xampp\\htdocs...')
#13 {main}
CRITICAL - 2024-12-29 08:31:41 --> CodeIgniter\Database\Exceptions\DatabaseException: Unable to connect to the database.
Main connection [MySQLi]: Unknown database 'finance_manager'
[Method: GET, Route: transactions]
in SYSTEMPATH\Database\BaseConnection.php on line 467.
 1 SYSTEMPATH\Database\BaseConnection.php(616): CodeIgniter\Database\BaseConnection->initialize()
 2 SYSTEMPATH\Database\BaseBuilder.php(1644): CodeIgniter\Database\BaseConnection->query('SELECT *
FROM `transactions`', [], false)
 3 SYSTEMPATH\Model.php(286): CodeIgniter\Database\BaseBuilder->get()
 4 SYSTEMPATH\BaseModel.php(675): CodeIgniter\Model->doFindAll(0, 0)
 5 APPPATH\Controllers\TransactionController.php(9): CodeIgniter\BaseModel->findAll()
 6 SYSTEMPATH\CodeIgniter.php(933): App\Controllers\TransactionController->index()
 7 SYSTEMPATH\CodeIgniter.php(509): CodeIgniter\CodeIgniter->runController(Object(App\Controllers\TransactionController))
 8 SYSTEMPATH\CodeIgniter.php(355): CodeIgniter\CodeIgniter->handleRequest(null, Object(Config\Cache), false)
 9 SYSTEMPATH\Boot.php(334): CodeIgniter\CodeIgniter->run()
10 SYSTEMPATH\Boot.php(67): CodeIgniter\Boot::runCodeIgniter(Object(CodeIgniter\CodeIgniter))
11 FCPATH\index.php(56): CodeIgniter\Boot::bootWeb(Object(Config\Paths))
12 SYSTEMPATH\rewrite.php(44): require_once('C:\\xampp\\htdocs\\finance-manager\\public\\index.php')
CRITICAL - 2024-12-29 08:58:35 --> CodeIgniter\View\Exceptions\ViewException: Invalid file: "create.php"
[Method: GET, Route: /]
in SYSTEMPATH\Exceptions\FrameworkException.php on line 41.
 1 SYSTEMPATH\View\View.php(222): CodeIgniter\Exceptions\FrameworkException::forInvalidFile('create.php')
 2 SYSTEMPATH\Common.php(1171): CodeIgniter\View\View->render('create', [], true)
 3 APPPATH\Controllers\Home.php(9): view('create')
 4 SYSTEMPATH\CodeIgniter.php(933): App\Controllers\Home->index()
 5 SYSTEMPATH\CodeIgniter.php(509): CodeIgniter\CodeIgniter->runController(Object(App\Controllers\Home))
 6 SYSTEMPATH\CodeIgniter.php(355): CodeIgniter\CodeIgniter->handleRequest(null, Object(Config\Cache), false)
 7 SYSTEMPATH\Boot.php(334): CodeIgniter\CodeIgniter->run()
 8 SYSTEMPATH\Boot.php(67): CodeIgniter\Boot::runCodeIgniter(Object(CodeIgniter\CodeIgniter))
 9 FCPATH\index.php(56): CodeIgniter\Boot::bootWeb(Object(Config\Paths))
10 SYSTEMPATH\rewrite.php(44): require_once('C:\\xampp\\htdocs\\finance-manager\\public\\index.php')
CRITICAL - 2024-12-29 08:58:39 --> CodeIgniter\View\Exceptions\ViewException: Invalid file: "create.php"
[Method: GET, Route: /]
in SYSTEMPATH\Exceptions\FrameworkException.php on line 41.
 1 SYSTEMPATH\View\View.php(222): CodeIgniter\Exceptions\FrameworkException::forInvalidFile('create.php')
 2 SYSTEMPATH\Common.php(1171): CodeIgniter\View\View->render('create', [], true)
 3 APPPATH\Controllers\Home.php(9): view('create')
 4 SYSTEMPATH\CodeIgniter.php(933): App\Controllers\Home->index()
 5 SYSTEMPATH\CodeIgniter.php(509): CodeIgniter\CodeIgniter->runController(Object(App\Controllers\Home))
 6 SYSTEMPATH\CodeIgniter.php(355): CodeIgniter\CodeIgniter->handleRequest(null, Object(Config\Cache), false)
 7 SYSTEMPATH\Boot.php(334): CodeIgniter\CodeIgniter->run()
 8 SYSTEMPATH\Boot.php(67): CodeIgniter\Boot::runCodeIgniter(Object(CodeIgniter\CodeIgniter))
 9 FCPATH\index.php(56): CodeIgniter\Boot::bootWeb(Object(Config\Paths))
10 SYSTEMPATH\rewrite.php(44): require_once('C:\\xampp\\htdocs\\finance-manager\\public\\index.php')
CRITICAL - 2024-12-29 08:58:40 --> CodeIgniter\View\Exceptions\ViewException: Invalid file: "create.php"
[Method: GET, Route: /]
in SYSTEMPATH\Exceptions\FrameworkException.php on line 41.
 1 SYSTEMPATH\View\View.php(222): CodeIgniter\Exceptions\FrameworkException::forInvalidFile('create.php')
 2 SYSTEMPATH\Common.php(1171): CodeIgniter\View\View->render('create', [], true)
 3 APPPATH\Controllers\Home.php(9): view('create')
 4 SYSTEMPATH\CodeIgniter.php(933): App\Controllers\Home->index()
 5 SYSTEMPATH\CodeIgniter.php(509): CodeIgniter\CodeIgniter->runController(Object(App\Controllers\Home))
 6 SYSTEMPATH\CodeIgniter.php(355): CodeIgniter\CodeIgniter->handleRequest(null, Object(Config\Cache), false)
 7 SYSTEMPATH\Boot.php(334): CodeIgniter\CodeIgniter->run()
 8 SYSTEMPATH\Boot.php(67): CodeIgniter\Boot::runCodeIgniter(Object(CodeIgniter\CodeIgniter))
 9 FCPATH\index.php(56): CodeIgniter\Boot::bootWeb(Object(Config\Paths))
10 SYSTEMPATH\rewrite.php(44): require_once('C:\\xampp\\htdocs\\finance-manager\\public\\index.php')
CRITICAL - 2024-12-29 08:58:41 --> CodeIgniter\View\Exceptions\ViewException: Invalid file: "create.php"
[Method: GET, Route: /]
in SYSTEMPATH\Exceptions\FrameworkException.php on line 41.
 1 SYSTEMPATH\View\View.php(222): CodeIgniter\Exceptions\FrameworkException::forInvalidFile('create.php')
 2 SYSTEMPATH\Common.php(1171): CodeIgniter\View\View->render('create', [], true)
 3 APPPATH\Controllers\Home.php(9): view('create')
 4 SYSTEMPATH\CodeIgniter.php(933): App\Controllers\Home->index()
 5 SYSTEMPATH\CodeIgniter.php(509): CodeIgniter\CodeIgniter->runController(Object(App\Controllers\Home))
 6 SYSTEMPATH\CodeIgniter.php(355): CodeIgniter\CodeIgniter->handleRequest(null, Object(Config\Cache), false)
 7 SYSTEMPATH\Boot.php(334): CodeIgniter\CodeIgniter->run()
 8 SYSTEMPATH\Boot.php(67): CodeIgniter\Boot::runCodeIgniter(Object(CodeIgniter\CodeIgniter))
 9 FCPATH\index.php(56): CodeIgniter\Boot::bootWeb(Object(Config\Paths))
10 SYSTEMPATH\rewrite.php(44): require_once('C:\\xampp\\htdocs\\finance-manager\\public\\index.php')
CRITICAL - 2024-12-29 08:58:41 --> CodeIgniter\View\Exceptions\ViewException: Invalid file: "create.php"
[Method: GET, Route: /]
in SYSTEMPATH\Exceptions\FrameworkException.php on line 41.
 1 SYSTEMPATH\View\View.php(222): CodeIgniter\Exceptions\FrameworkException::forInvalidFile('create.php')
 2 SYSTEMPATH\Common.php(1171): CodeIgniter\View\View->render('create', [], true)
 3 APPPATH\Controllers\Home.php(9): view('create')
 4 SYSTEMPATH\CodeIgniter.php(933): App\Controllers\Home->index()
 5 SYSTEMPATH\CodeIgniter.php(509): CodeIgniter\CodeIgniter->runController(Object(App\Controllers\Home))
 6 SYSTEMPATH\CodeIgniter.php(355): CodeIgniter\CodeIgniter->handleRequest(null, Object(Config\Cache), false)
 7 SYSTEMPATH\Boot.php(334): CodeIgniter\CodeIgniter->run()
 8 SYSTEMPATH\Boot.php(67): CodeIgniter\Boot::runCodeIgniter(Object(CodeIgniter\CodeIgniter))
 9 FCPATH\index.php(56): CodeIgniter\Boot::bootWeb(Object(Config\Paths))
10 SYSTEMPATH\rewrite.php(44): require_once('C:\\xampp\\htdocs\\finance-manager\\public\\index.php')
CRITICAL - 2024-12-29 09:00:17 --> CodeIgniter\View\Exceptions\ViewException: Invalid file: "create.php"
[Method: GET, Route: /]
in SYSTEMPATH\Exceptions\FrameworkException.php on line 41.
 1 SYSTEMPATH\View\View.php(222): CodeIgniter\Exceptions\FrameworkException::forInvalidFile('create.php')
 2 SYSTEMPATH\Common.php(1171): CodeIgniter\View\View->render('create', [], true)
 3 APPPATH\Controllers\Home.php(13): view('create')
 4 SYSTEMPATH\CodeIgniter.php(933): App\Controllers\Home->index()
 5 SYSTEMPATH\CodeIgniter.php(509): CodeIgniter\CodeIgniter->runController(Object(App\Controllers\Home))
 6 SYSTEMPATH\CodeIgniter.php(355): CodeIgniter\CodeIgniter->handleRequest(null, Object(Config\Cache), false)
 7 SYSTEMPATH\Boot.php(334): CodeIgniter\CodeIgniter->run()
 8 SYSTEMPATH\Boot.php(67): CodeIgniter\Boot::runCodeIgniter(Object(CodeIgniter\CodeIgniter))
 9 FCPATH\index.php(56): CodeIgniter\Boot::bootWeb(Object(Config\Paths))
10 SYSTEMPATH\rewrite.php(44): require_once('C:\\xampp\\htdocs\\finance-manager\\public\\index.php')
CRITICAL - 2024-12-29 09:00:41 --> CodeIgniter\View\Exceptions\ViewException: Invalid file: "create.php"
[Method: GET, Route: /]
in SYSTEMPATH\Exceptions\FrameworkException.php on line 41.
 1 SYSTEMPATH\View\View.php(222): CodeIgniter\Exceptions\FrameworkException::forInvalidFile('create.php')
 2 SYSTEMPATH\Common.php(1171): CodeIgniter\View\View->render('create', [], true)
 3 APPPATH\Controllers\Home.php(13): view('create')
 4 SYSTEMPATH\CodeIgniter.php(933): App\Controllers\Home->index()
 5 SYSTEMPATH\CodeIgniter.php(509): CodeIgniter\CodeIgniter->runController(Object(App\Controllers\Home))
 6 SYSTEMPATH\CodeIgniter.php(355): CodeIgniter\CodeIgniter->handleRequest(null, Object(Config\Cache), false)
 7 SYSTEMPATH\Boot.php(334): CodeIgniter\CodeIgniter->run()
 8 SYSTEMPATH\Boot.php(67): CodeIgniter\Boot::runCodeIgniter(Object(CodeIgniter\CodeIgniter))
 9 FCPATH\index.php(56): CodeIgniter\Boot::bootWeb(Object(Config\Paths))
10 SYSTEMPATH\rewrite.php(44): require_once('C:\\xampp\\htdocs\\finance-manager\\public\\index.php')
CRITICAL - 2024-12-29 09:00:42 --> CodeIgniter\View\Exceptions\ViewException: Invalid file: "create.php"
[Method: GET, Route: /]
in SYSTEMPATH\Exceptions\FrameworkException.php on line 41.
 1 SYSTEMPATH\View\View.php(222): CodeIgniter\Exceptions\FrameworkException::forInvalidFile('create.php')
 2 SYSTEMPATH\Common.php(1171): CodeIgniter\View\View->render('create', [], true)
 3 APPPATH\Controllers\Home.php(13): view('create')
 4 SYSTEMPATH\CodeIgniter.php(933): App\Controllers\Home->index()
 5 SYSTEMPATH\CodeIgniter.php(509): CodeIgniter\CodeIgniter->runController(Object(App\Controllers\Home))
 6 SYSTEMPATH\CodeIgniter.php(355): CodeIgniter\CodeIgniter->handleRequest(null, Object(Config\Cache), false)
 7 SYSTEMPATH\Boot.php(334): CodeIgniter\CodeIgniter->run()
 8 SYSTEMPATH\Boot.php(67): CodeIgniter\Boot::runCodeIgniter(Object(CodeIgniter\CodeIgniter))
 9 FCPATH\index.php(56): CodeIgniter\Boot::bootWeb(Object(Config\Paths))
10 SYSTEMPATH\rewrite.php(44): require_once('C:\\xampp\\htdocs\\finance-manager\\public\\index.php')
CRITICAL - 2024-12-29 09:00:43 --> CodeIgniter\View\Exceptions\ViewException: Invalid file: "create.php"
[Method: GET, Route: /]
in SYSTEMPATH\Exceptions\FrameworkException.php on line 41.
 1 SYSTEMPATH\View\View.php(222): CodeIgniter\Exceptions\FrameworkException::forInvalidFile('create.php')
 2 SYSTEMPATH\Common.php(1171): CodeIgniter\View\View->render('create', [], true)
 3 APPPATH\Controllers\Home.php(13): view('create')
 4 SYSTEMPATH\CodeIgniter.php(933): App\Controllers\Home->index()
 5 SYSTEMPATH\CodeIgniter.php(509): CodeIgniter\CodeIgniter->runController(Object(App\Controllers\Home))
 6 SYSTEMPATH\CodeIgniter.php(355): CodeIgniter\CodeIgniter->handleRequest(null, Object(Config\Cache), false)
 7 SYSTEMPATH\Boot.php(334): CodeIgniter\CodeIgniter->run()
 8 SYSTEMPATH\Boot.php(67): CodeIgniter\Boot::runCodeIgniter(Object(CodeIgniter\CodeIgniter))
 9 FCPATH\index.php(56): CodeIgniter\Boot::bootWeb(Object(Config\Paths))
10 SYSTEMPATH\rewrite.php(44): require_once('C:\\xampp\\htdocs\\finance-manager\\public\\index.php')
CRITICAL - 2024-12-29 09:00:45 --> CodeIgniter\View\Exceptions\ViewException: Invalid file: "create.php"
[Method: GET, Route: /]
in SYSTEMPATH\Exceptions\FrameworkException.php on line 41.
 1 SYSTEMPATH\View\View.php(222): CodeIgniter\Exceptions\FrameworkException::forInvalidFile('create.php')
 2 SYSTEMPATH\Common.php(1171): CodeIgniter\View\View->render('create', [], true)
 3 APPPATH\Controllers\Home.php(13): view('create')
 4 SYSTEMPATH\CodeIgniter.php(933): App\Controllers\Home->index()
 5 SYSTEMPATH\CodeIgniter.php(509): CodeIgniter\CodeIgniter->runController(Object(App\Controllers\Home))
 6 SYSTEMPATH\CodeIgniter.php(355): CodeIgniter\CodeIgniter->handleRequest(null, Object(Config\Cache), false)
 7 SYSTEMPATH\Boot.php(334): CodeIgniter\CodeIgniter->run()
 8 SYSTEMPATH\Boot.php(67): CodeIgniter\Boot::runCodeIgniter(Object(CodeIgniter\CodeIgniter))
 9 FCPATH\index.php(56): CodeIgniter\Boot::bootWeb(Object(Config\Paths))
CRITICAL - 2024-12-29 09:00:46 --> CodeIgniter\View\Exceptions\ViewException: Invalid file: "create.php"
[Method: GET, Route: /]
in SYSTEMPATH\Exceptions\FrameworkException.php on line 41.
 1 SYSTEMPATH\View\View.php(222): CodeIgniter\Exceptions\FrameworkException::forInvalidFile('create.php')
 2 SYSTEMPATH\Common.php(1171): CodeIgniter\View\View->render('create', [], true)
 3 APPPATH\Controllers\Home.php(13): view('create')
 4 SYSTEMPATH\CodeIgniter.php(933): App\Controllers\Home->index()
 5 SYSTEMPATH\CodeIgniter.php(509): CodeIgniter\CodeIgniter->runController(Object(App\Controllers\Home))
 6 SYSTEMPATH\CodeIgniter.php(355): CodeIgniter\CodeIgniter->handleRequest(null, Object(Config\Cache), false)
 7 SYSTEMPATH\Boot.php(334): CodeIgniter\CodeIgniter->run()
 8 SYSTEMPATH\Boot.php(67): CodeIgniter\Boot::runCodeIgniter(Object(CodeIgniter\CodeIgniter))
 9 FCPATH\index.php(56): CodeIgniter\Boot::bootWeb(Object(Config\Paths))
CRITICAL - 2024-12-29 09:00:47 --> CodeIgniter\View\Exceptions\ViewException: Invalid file: "create.php"
[Method: GET, Route: /]
in SYSTEMPATH\Exceptions\FrameworkException.php on line 41.
 1 SYSTEMPATH\View\View.php(222): CodeIgniter\Exceptions\FrameworkException::forInvalidFile('create.php')
 2 SYSTEMPATH\Common.php(1171): CodeIgniter\View\View->render('create', [], true)
 3 APPPATH\Controllers\Home.php(13): view('create')
 4 SYSTEMPATH\CodeIgniter.php(933): App\Controllers\Home->index()
 5 SYSTEMPATH\CodeIgniter.php(509): CodeIgniter\CodeIgniter->runController(Object(App\Controllers\Home))
 6 SYSTEMPATH\CodeIgniter.php(355): CodeIgniter\CodeIgniter->handleRequest(null, Object(Config\Cache), false)
 7 SYSTEMPATH\Boot.php(334): CodeIgniter\CodeIgniter->run()
 8 SYSTEMPATH\Boot.php(67): CodeIgniter\Boot::runCodeIgniter(Object(CodeIgniter\CodeIgniter))
 9 FCPATH\index.php(56): CodeIgniter\Boot::bootWeb(Object(Config\Paths))
10 SYSTEMPATH\rewrite.php(44): require_once('C:\\xampp\\htdocs\\finance-manager\\public\\index.php')
CRITICAL - 2024-12-29 09:00:48 --> CodeIgniter\View\Exceptions\ViewException: Invalid file: "create.php"
[Method: GET, Route: /]
in SYSTEMPATH\Exceptions\FrameworkException.php on line 41.
 1 SYSTEMPATH\View\View.php(222): CodeIgniter\Exceptions\FrameworkException::forInvalidFile('create.php')
 2 SYSTEMPATH\Common.php(1171): CodeIgniter\View\View->render('create', [], true)
 3 APPPATH\Controllers\Home.php(13): view('create')
 4 SYSTEMPATH\CodeIgniter.php(933): App\Controllers\Home->index()
 5 SYSTEMPATH\CodeIgniter.php(509): CodeIgniter\CodeIgniter->runController(Object(App\Controllers\Home))
 6 SYSTEMPATH\CodeIgniter.php(355): CodeIgniter\CodeIgniter->handleRequest(null, Object(Config\Cache), false)
 7 SYSTEMPATH\Boot.php(334): CodeIgniter\CodeIgniter->run()
 8 SYSTEMPATH\Boot.php(67): CodeIgniter\Boot::runCodeIgniter(Object(CodeIgniter\CodeIgniter))
 9 FCPATH\index.php(56): CodeIgniter\Boot::bootWeb(Object(Config\Paths))
10 SYSTEMPATH\rewrite.php(44): require_once('C:\\xampp\\htdocs\\finance-manager\\public\\index.php')
CRITICAL - 2024-12-29 09:05:15 --> ErrorException: Undefined variable $transactions
[Method: GET, Route: /]
in APPPATH\Views\index.php on line 9.
 1 APPPATH\Views\index.php(9): CodeIgniter\Debug\Exceptions->errorHandler(2, 'Undefined variable $transactions', 'C:\\xampp\\htdocs\\finance-manager\\app\\Views\\index.php', 9)
 2 SYSTEMPATH\View\View.php(234): include('C:\\xampp\\htdocs\\finance-manager\\app\\Views\\index.php')
 3 SYSTEMPATH\View\View.php(237): CodeIgniter\View\View->CodeIgniter\View\{closure}()
 4 SYSTEMPATH\Common.php(1171): CodeIgniter\View\View->render('index', [], true)
 5 APPPATH\Controllers\Home.php(13): view('index')
 6 SYSTEMPATH\CodeIgniter.php(933): App\Controllers\Home->index()
 7 SYSTEMPATH\CodeIgniter.php(509): CodeIgniter\CodeIgniter->runController(Object(App\Controllers\Home))
 8 SYSTEMPATH\CodeIgniter.php(355): CodeIgniter\CodeIgniter->handleRequest(null, Object(Config\Cache), false)
 9 SYSTEMPATH\Boot.php(334): CodeIgniter\CodeIgniter->run()
10 SYSTEMPATH\Boot.php(67): CodeIgniter\Boot::runCodeIgniter(Object(CodeIgniter\CodeIgniter))
11 FCPATH\index.php(56): CodeIgniter\Boot::bootWeb(Object(Config\Paths))
12 SYSTEMPATH\rewrite.php(44): require_once('C:\\xampp\\htdocs\\finance-manager\\public\\index.php')
CRITICAL - 2024-12-29 09:05:16 --> ErrorException: Undefined variable $transactions
[Method: GET, Route: /]
in APPPATH\Views\index.php on line 9.
 1 APPPATH\Views\index.php(9): CodeIgniter\Debug\Exceptions->errorHandler(2, 'Undefined variable $transactions', 'C:\\xampp\\htdocs\\finance-manager\\app\\Views\\index.php', 9)
 2 SYSTEMPATH\View\View.php(234): include('C:\\xampp\\htdocs\\finance-manager\\app\\Views\\index.php')
 3 SYSTEMPATH\View\View.php(237): CodeIgniter\View\View->CodeIgniter\View\{closure}()
 4 SYSTEMPATH\Common.php(1171): CodeIgniter\View\View->render('index', [], true)
 5 APPPATH\Controllers\Home.php(13): view('index')
 6 SYSTEMPATH\CodeIgniter.php(933): App\Controllers\Home->index()
 7 SYSTEMPATH\CodeIgniter.php(509): CodeIgniter\CodeIgniter->runController(Object(App\Controllers\Home))
 8 SYSTEMPATH\CodeIgniter.php(355): CodeIgniter\CodeIgniter->handleRequest(null, Object(Config\Cache), false)
 9 SYSTEMPATH\Boot.php(334): CodeIgniter\CodeIgniter->run()
10 SYSTEMPATH\Boot.php(67): CodeIgniter\Boot::runCodeIgniter(Object(CodeIgniter\CodeIgniter))
11 FCPATH\index.php(56): CodeIgniter\Boot::bootWeb(Object(Config\Paths))
12 SYSTEMPATH\rewrite.php(44): require_once('C:\\xampp\\htdocs\\finance-manager\\public\\index.php')
CRITICAL - 2024-12-29 09:05:16 --> ErrorException: Undefined variable $transactions
[Method: GET, Route: /]
in APPPATH\Views\index.php on line 9.
 1 APPPATH\Views\index.php(9): CodeIgniter\Debug\Exceptions->errorHandler(2, 'Undefined variable $transactions', 'C:\\xampp\\htdocs\\finance-manager\\app\\Views\\index.php', 9)
 2 SYSTEMPATH\View\View.php(234): include('C:\\xampp\\htdocs\\finance-manager\\app\\Views\\index.php')
 3 SYSTEMPATH\View\View.php(237): CodeIgniter\View\View->CodeIgniter\View\{closure}()
 4 SYSTEMPATH\Common.php(1171): CodeIgniter\View\View->render('index', [], true)
 5 APPPATH\Controllers\Home.php(13): view('index')
 6 SYSTEMPATH\CodeIgniter.php(933): App\Controllers\Home->index()
 7 SYSTEMPATH\CodeIgniter.php(509): CodeIgniter\CodeIgniter->runController(Object(App\Controllers\Home))
 8 SYSTEMPATH\CodeIgniter.php(355): CodeIgniter\CodeIgniter->handleRequest(null, Object(Config\Cache), false)
 9 SYSTEMPATH\Boot.php(334): CodeIgniter\CodeIgniter->run()
10 SYSTEMPATH\Boot.php(67): CodeIgniter\Boot::runCodeIgniter(Object(CodeIgniter\CodeIgniter))
11 FCPATH\index.php(56): CodeIgniter\Boot::bootWeb(Object(Config\Paths))
12 SYSTEMPATH\rewrite.php(44): require_once('C:\\xampp\\htdocs\\finance-manager\\public\\index.php')
CRITICAL - 2024-12-29 09:05:16 --> ErrorException: Undefined variable $transactions
[Method: GET, Route: /]
in APPPATH\Views\index.php on line 9.
 1 APPPATH\Views\index.php(9): CodeIgniter\Debug\Exceptions->errorHandler(2, 'Undefined variable $transactions', 'C:\\xampp\\htdocs\\finance-manager\\app\\Views\\index.php', 9)
 2 SYSTEMPATH\View\View.php(234): include('C:\\xampp\\htdocs\\finance-manager\\app\\Views\\index.php')
 3 SYSTEMPATH\View\View.php(237): CodeIgniter\View\View->CodeIgniter\View\{closure}()
 4 SYSTEMPATH\Common.php(1171): CodeIgniter\View\View->render('index', [], true)
 5 APPPATH\Controllers\Home.php(13): view('index')
 6 SYSTEMPATH\CodeIgniter.php(933): App\Controllers\Home->index()
 7 SYSTEMPATH\CodeIgniter.php(509): CodeIgniter\CodeIgniter->runController(Object(App\Controllers\Home))
 8 SYSTEMPATH\CodeIgniter.php(355): CodeIgniter\CodeIgniter->handleRequest(null, Object(Config\Cache), false)
 9 SYSTEMPATH\Boot.php(334): CodeIgniter\CodeIgniter->run()
10 SYSTEMPATH\Boot.php(67): CodeIgniter\Boot::runCodeIgniter(Object(CodeIgniter\CodeIgniter))
11 FCPATH\index.php(56): CodeIgniter\Boot::bootWeb(Object(Config\Paths))
12 SYSTEMPATH\rewrite.php(44): require_once('C:\\xampp\\htdocs\\finance-manager\\public\\index.php')
CRITICAL - 2024-12-29 09:05:17 --> ErrorException: Undefined variable $transactions
[Method: GET, Route: /]
in APPPATH\Views\index.php on line 9.
 1 APPPATH\Views\index.php(9): CodeIgniter\Debug\Exceptions->errorHandler(2, 'Undefined variable $transactions', 'C:\\xampp\\htdocs\\finance-manager\\app\\Views\\index.php', 9)
 2 SYSTEMPATH\View\View.php(234): include('C:\\xampp\\htdocs\\finance-manager\\app\\Views\\index.php')
 3 SYSTEMPATH\View\View.php(237): CodeIgniter\View\View->CodeIgniter\View\{closure}()
 4 SYSTEMPATH\Common.php(1171): CodeIgniter\View\View->render('index', [], true)
 5 APPPATH\Controllers\Home.php(13): view('index')
 6 SYSTEMPATH\CodeIgniter.php(933): App\Controllers\Home->index()
 7 SYSTEMPATH\CodeIgniter.php(509): CodeIgniter\CodeIgniter->runController(Object(App\Controllers\Home))
 8 SYSTEMPATH\CodeIgniter.php(355): CodeIgniter\CodeIgniter->handleRequest(null, Object(Config\Cache), false)
 9 SYSTEMPATH\Boot.php(334): CodeIgniter\CodeIgniter->run()
10 SYSTEMPATH\Boot.php(67): CodeIgniter\Boot::runCodeIgniter(Object(CodeIgniter\CodeIgniter))
11 FCPATH\index.php(56): CodeIgniter\Boot::bootWeb(Object(Config\Paths))
12 SYSTEMPATH\rewrite.php(44): require_once('C:\\xampp\\htdocs\\finance-manager\\public\\index.php')
CRITICAL - 2024-12-29 09:05:17 --> ErrorException: Undefined variable $transactions
[Method: GET, Route: /]
in APPPATH\Views\index.php on line 9.
 1 APPPATH\Views\index.php(9): CodeIgniter\Debug\Exceptions->errorHandler(2, 'Undefined variable $transactions', 'C:\\xampp\\htdocs\\finance-manager\\app\\Views\\index.php', 9)
 2 SYSTEMPATH\View\View.php(234): include('C:\\xampp\\htdocs\\finance-manager\\app\\Views\\index.php')
 3 SYSTEMPATH\View\View.php(237): CodeIgniter\View\View->CodeIgniter\View\{closure}()
 4 SYSTEMPATH\Common.php(1171): CodeIgniter\View\View->render('index', [], true)
 5 APPPATH\Controllers\Home.php(13): view('index')
 6 SYSTEMPATH\CodeIgniter.php(933): App\Controllers\Home->index()
 7 SYSTEMPATH\CodeIgniter.php(509): CodeIgniter\CodeIgniter->runController(Object(App\Controllers\Home))
 8 SYSTEMPATH\CodeIgniter.php(355): CodeIgniter\CodeIgniter->handleRequest(null, Object(Config\Cache), false)
 9 SYSTEMPATH\Boot.php(334): CodeIgniter\CodeIgniter->run()
10 SYSTEMPATH\Boot.php(67): CodeIgniter\Boot::runCodeIgniter(Object(CodeIgniter\CodeIgniter))
11 FCPATH\index.php(56): CodeIgniter\Boot::bootWeb(Object(Config\Paths))
12 SYSTEMPATH\rewrite.php(44): require_once('C:\\xampp\\htdocs\\finance-manager\\public\\index.php')
CRITICAL - 2024-12-29 09:08:59 --> ErrorException: Undefined variable $transactions
[Method: GET, Route: /]
in APPPATH\Views\index.php on line 69.
 1 APPPATH\Views\index.php(69): CodeIgniter\Debug\Exceptions->errorHandler(2, 'Undefined variable $transactions', 'C:\\xampp\\htdocs\\finance-manager\\app\\Views\\index.php', 69)
 2 SYSTEMPATH\View\View.php(234): include('C:\\xampp\\htdocs\\finance-manager\\app\\Views\\index.php')
 3 SYSTEMPATH\View\View.php(237): CodeIgniter\View\View->CodeIgniter\View\{closure}()
 4 SYSTEMPATH\Common.php(1171): CodeIgniter\View\View->render('index', [], true)
 5 APPPATH\Controllers\Home.php(13): view('index')
 6 SYSTEMPATH\CodeIgniter.php(933): App\Controllers\Home->index()
 7 SYSTEMPATH\CodeIgniter.php(509): CodeIgniter\CodeIgniter->runController(Object(App\Controllers\Home))
 8 SYSTEMPATH\CodeIgniter.php(355): CodeIgniter\CodeIgniter->handleRequest(null, Object(Config\Cache), false)
 9 SYSTEMPATH\Boot.php(334): CodeIgniter\CodeIgniter->run()
10 SYSTEMPATH\Boot.php(67): CodeIgniter\Boot::runCodeIgniter(Object(CodeIgniter\CodeIgniter))
11 FCPATH\index.php(56): CodeIgniter\Boot::bootWeb(Object(Config\Paths))
12 SYSTEMPATH\rewrite.php(44): require_once('C:\\xampp\\htdocs\\finance-manager\\public\\index.php')
CRITICAL - 2024-12-29 09:09:00 --> ErrorException: Undefined variable $transactions
[Method: GET, Route: /]
in APPPATH\Views\index.php on line 69.
 1 APPPATH\Views\index.php(69): CodeIgniter\Debug\Exceptions->errorHandler(2, 'Undefined variable $transactions', 'C:\\xampp\\htdocs\\finance-manager\\app\\Views\\index.php', 69)
 2 SYSTEMPATH\View\View.php(234): include('C:\\xampp\\htdocs\\finance-manager\\app\\Views\\index.php')
 3 SYSTEMPATH\View\View.php(237): CodeIgniter\View\View->CodeIgniter\View\{closure}()
 4 SYSTEMPATH\Common.php(1171): CodeIgniter\View\View->render('index', [], true)
 5 APPPATH\Controllers\Home.php(13): view('index')
 6 SYSTEMPATH\CodeIgniter.php(933): App\Controllers\Home->index()
 7 SYSTEMPATH\CodeIgniter.php(509): CodeIgniter\CodeIgniter->runController(Object(App\Controllers\Home))
 8 SYSTEMPATH\CodeIgniter.php(355): CodeIgniter\CodeIgniter->handleRequest(null, Object(Config\Cache), false)
 9 SYSTEMPATH\Boot.php(334): CodeIgniter\CodeIgniter->run()
10 SYSTEMPATH\Boot.php(67): CodeIgniter\Boot::runCodeIgniter(Object(CodeIgniter\CodeIgniter))
11 FCPATH\index.php(56): CodeIgniter\Boot::bootWeb(Object(Config\Paths))
12 SYSTEMPATH\rewrite.php(44): require_once('C:\\xampp\\htdocs\\finance-manager\\public\\index.php')
CRITICAL - 2024-12-29 09:09:01 --> ErrorException: Undefined variable $transactions
[Method: GET, Route: /]
in APPPATH\Views\index.php on line 69.
 1 APPPATH\Views\index.php(69): CodeIgniter\Debug\Exceptions->errorHandler(2, 'Undefined variable $transactions', 'C:\\xampp\\htdocs\\finance-manager\\app\\Views\\index.php', 69)
 2 SYSTEMPATH\View\View.php(234): include('C:\\xampp\\htdocs\\finance-manager\\app\\Views\\index.php')
 3 SYSTEMPATH\View\View.php(237): CodeIgniter\View\View->CodeIgniter\View\{closure}()
 4 SYSTEMPATH\Common.php(1171): CodeIgniter\View\View->render('index', [], true)
 5 APPPATH\Controllers\Home.php(13): view('index')
 6 SYSTEMPATH\CodeIgniter.php(933): App\Controllers\Home->index()
 7 SYSTEMPATH\CodeIgniter.php(509): CodeIgniter\CodeIgniter->runController(Object(App\Controllers\Home))
 8 SYSTEMPATH\CodeIgniter.php(355): CodeIgniter\CodeIgniter->handleRequest(null, Object(Config\Cache), false)
 9 SYSTEMPATH\Boot.php(334): CodeIgniter\CodeIgniter->run()
10 SYSTEMPATH\Boot.php(67): CodeIgniter\Boot::runCodeIgniter(Object(CodeIgniter\CodeIgniter))
11 FCPATH\index.php(56): CodeIgniter\Boot::bootWeb(Object(Config\Paths))
12 SYSTEMPATH\rewrite.php(44): require_once('C:\\xampp\\htdocs\\finance-manager\\public\\index.php')
CRITICAL - 2024-12-29 09:10:59 --> ErrorException: Undefined variable $transactions
[Method: GET, Route: /]
in APPPATH\Views\index.php on line 69.
 1 APPPATH\Views\index.php(69): CodeIgniter\Debug\Exceptions->errorHandler(2, 'Undefined variable $transactions', 'C:\\xampp\\htdocs\\finance-manager\\app\\Views\\index.php', 69)
 2 SYSTEMPATH\View\View.php(234): include('C:\\xampp\\htdocs\\finance-manager\\app\\Views\\index.php')
 3 SYSTEMPATH\View\View.php(237): CodeIgniter\View\View->CodeIgniter\View\{closure}()
 4 SYSTEMPATH\Common.php(1171): CodeIgniter\View\View->render('index', [], true)
 5 APPPATH\Controllers\Home.php(11): view('index')
 6 SYSTEMPATH\CodeIgniter.php(933): App\Controllers\Home->index()
 7 SYSTEMPATH\CodeIgniter.php(509): CodeIgniter\CodeIgniter->runController(Object(App\Controllers\Home))
 8 SYSTEMPATH\CodeIgniter.php(355): CodeIgniter\CodeIgniter->handleRequest(null, Object(Config\Cache), false)
 9 SYSTEMPATH\Boot.php(334): CodeIgniter\CodeIgniter->run()
10 SYSTEMPATH\Boot.php(67): CodeIgniter\Boot::runCodeIgniter(Object(CodeIgniter\CodeIgniter))
11 FCPATH\index.php(56): CodeIgniter\Boot::bootWeb(Object(Config\Paths))
12 SYSTEMPATH\rewrite.php(44): require_once('C:\\xampp\\htdocs\\finance-manager\\public\\index.php')
CRITICAL - 2024-12-29 09:11:12 --> ErrorException: Undefined variable $transactions
[Method: GET, Route: /]
in APPPATH\Views\index.php on line 69.
 1 APPPATH\Views\index.php(69): CodeIgniter\Debug\Exceptions->errorHandler(2, 'Undefined variable $transactions', 'C:\\xampp\\htdocs\\finance-manager\\app\\Views\\index.php', 69)
 2 SYSTEMPATH\View\View.php(234): include('C:\\xampp\\htdocs\\finance-manager\\app\\Views\\index.php')
 3 SYSTEMPATH\View\View.php(237): CodeIgniter\View\View->CodeIgniter\View\{closure}()
 4 SYSTEMPATH\Common.php(1171): CodeIgniter\View\View->render('index', [], true)
 5 APPPATH\Controllers\Home.php(11): view('index')
 6 SYSTEMPATH\CodeIgniter.php(933): App\Controllers\Home->index()
 7 SYSTEMPATH\CodeIgniter.php(509): CodeIgniter\CodeIgniter->runController(Object(App\Controllers\Home))
 8 SYSTEMPATH\CodeIgniter.php(355): CodeIgniter\CodeIgniter->handleRequest(null, Object(Config\Cache), false)
 9 SYSTEMPATH\Boot.php(334): CodeIgniter\CodeIgniter->run()
10 SYSTEMPATH\Boot.php(67): CodeIgniter\Boot::runCodeIgniter(Object(CodeIgniter\CodeIgniter))
11 FCPATH\index.php(56): CodeIgniter\Boot::bootWeb(Object(Config\Paths))
12 SYSTEMPATH\rewrite.php(44): require_once('C:\\xampp\\htdocs\\finance-manager\\public\\index.php')
CRITICAL - 2024-12-29 09:31:13 --> ErrorException: Undefined variable $transactions
[Method: GET, Route: /]
in APPPATH\Views\index.php on line 69.
 1 APPPATH\Views\index.php(69): CodeIgniter\Debug\Exceptions->errorHandler(2, 'Undefined variable $transactions', 'C:\\xampp\\htdocs\\finance-manager\\app\\Views\\index.php', 69)
 2 SYSTEMPATH\View\View.php(234): include('C:\\xampp\\htdocs\\finance-manager\\app\\Views\\index.php')
 3 SYSTEMPATH\View\View.php(237): CodeIgniter\View\View->CodeIgniter\View\{closure}()
 4 SYSTEMPATH\Common.php(1171): CodeIgniter\View\View->render('index', [], true)
 5 APPPATH\Controllers\Home.php(13): view('index', [])
 6 SYSTEMPATH\CodeIgniter.php(933): App\Controllers\Home->index()
 7 SYSTEMPATH\CodeIgniter.php(509): CodeIgniter\CodeIgniter->runController(Object(App\Controllers\Home))
 8 SYSTEMPATH\CodeIgniter.php(355): CodeIgniter\CodeIgniter->handleRequest(null, Object(Config\Cache), false)
 9 SYSTEMPATH\Boot.php(334): CodeIgniter\CodeIgniter->run()
10 SYSTEMPATH\Boot.php(67): CodeIgniter\Boot::runCodeIgniter(Object(CodeIgniter\CodeIgniter))
11 FCPATH\index.php(56): CodeIgniter\Boot::bootWeb(Object(Config\Paths))
12 SYSTEMPATH\rewrite.php(44): require_once('C:\\xampp\\htdocs\\finance-manager\\public\\index.php')
CRITICAL - 2024-12-29 09:31:14 --> ErrorException: Undefined variable $transactions
[Method: GET, Route: /]
in APPPATH\Views\index.php on line 69.
 1 APPPATH\Views\index.php(69): CodeIgniter\Debug\Exceptions->errorHandler(2, 'Undefined variable $transactions', 'C:\\xampp\\htdocs\\finance-manager\\app\\Views\\index.php', 69)
 2 SYSTEMPATH\View\View.php(234): include('C:\\xampp\\htdocs\\finance-manager\\app\\Views\\index.php')
 3 SYSTEMPATH\View\View.php(237): CodeIgniter\View\View->CodeIgniter\View\{closure}()
 4 SYSTEMPATH\Common.php(1171): CodeIgniter\View\View->render('index', [], true)
 5 APPPATH\Controllers\Home.php(13): view('index', [])
 6 SYSTEMPATH\CodeIgniter.php(933): App\Controllers\Home->index()
 7 SYSTEMPATH\CodeIgniter.php(509): CodeIgniter\CodeIgniter->runController(Object(App\Controllers\Home))
 8 SYSTEMPATH\CodeIgniter.php(355): CodeIgniter\CodeIgniter->handleRequest(null, Object(Config\Cache), false)
 9 SYSTEMPATH\Boot.php(334): CodeIgniter\CodeIgniter->run()
10 SYSTEMPATH\Boot.php(67): CodeIgniter\Boot::runCodeIgniter(Object(CodeIgniter\CodeIgniter))
11 FCPATH\index.php(56): CodeIgniter\Boot::bootWeb(Object(Config\Paths))
12 SYSTEMPATH\rewrite.php(44): require_once('C:\\xampp\\htdocs\\finance-manager\\public\\index.php')
CRITICAL - 2024-12-29 09:31:15 --> ErrorException: Undefined variable $transactions
[Method: GET, Route: /]
in APPPATH\Views\index.php on line 69.
 1 APPPATH\Views\index.php(69): CodeIgniter\Debug\Exceptions->errorHandler(2, 'Undefined variable $transactions', 'C:\\xampp\\htdocs\\finance-manager\\app\\Views\\index.php', 69)
 2 SYSTEMPATH\View\View.php(234): include('C:\\xampp\\htdocs\\finance-manager\\app\\Views\\index.php')
 3 SYSTEMPATH\View\View.php(237): CodeIgniter\View\View->CodeIgniter\View\{closure}()
 4 SYSTEMPATH\Common.php(1171): CodeIgniter\View\View->render('index', [], true)
 5 APPPATH\Controllers\Home.php(13): view('index', [])
 6 SYSTEMPATH\CodeIgniter.php(933): App\Controllers\Home->index()
 7 SYSTEMPATH\CodeIgniter.php(509): CodeIgniter\CodeIgniter->runController(Object(App\Controllers\Home))
 8 SYSTEMPATH\CodeIgniter.php(355): CodeIgniter\CodeIgniter->handleRequest(null, Object(Config\Cache), false)
 9 SYSTEMPATH\Boot.php(334): CodeIgniter\CodeIgniter->run()
10 SYSTEMPATH\Boot.php(67): CodeIgniter\Boot::runCodeIgniter(Object(CodeIgniter\CodeIgniter))
11 FCPATH\index.php(56): CodeIgniter\Boot::bootWeb(Object(Config\Paths))
12 SYSTEMPATH\rewrite.php(44): require_once('C:\\xampp\\htdocs\\finance-manager\\public\\index.php')
CRITICAL - 2024-12-29 09:48:35 --> ErrorException: Undefined variable $transactions
[Method: GET, Route: /]
in APPPATH\Views\index.php on line 69.
 1 APPPATH\Views\index.php(69): CodeIgniter\Debug\Exceptions->errorHandler(2, 'Undefined variable $transactions', 'C:\\xampp\\htdocs\\finance-manager\\app\\Views\\index.php', 69)
 2 SYSTEMPATH\View\View.php(234): include('C:\\xampp\\htdocs\\finance-manager\\app\\Views\\index.php')
 3 SYSTEMPATH\View\View.php(237): CodeIgniter\View\View->CodeIgniter\View\{closure}()
 4 SYSTEMPATH\Common.php(1171): CodeIgniter\View\View->render('index', [], true)
 5 APPPATH\Controllers\Home.php(13): view('index', [])
 6 SYSTEMPATH\CodeIgniter.php(933): App\Controllers\Home->index()
 7 SYSTEMPATH\CodeIgniter.php(509): CodeIgniter\CodeIgniter->runController(Object(App\Controllers\Home))
 8 SYSTEMPATH\CodeIgniter.php(355): CodeIgniter\CodeIgniter->handleRequest(null, Object(Config\Cache), false)
 9 SYSTEMPATH\Boot.php(334): CodeIgniter\CodeIgniter->run()
10 SYSTEMPATH\Boot.php(67): CodeIgniter\Boot::runCodeIgniter(Object(CodeIgniter\CodeIgniter))
11 FCPATH\index.php(56): CodeIgniter\Boot::bootWeb(Object(Config\Paths))
12 SYSTEMPATH\rewrite.php(44): require_once('C:\\xampp\\htdocs\\finance-manager\\public\\index.php')
CRITICAL - 2024-12-29 09:48:36 --> ErrorException: Undefined variable $transactions
[Method: GET, Route: /]
in APPPATH\Views\index.php on line 69.
 1 APPPATH\Views\index.php(69): CodeIgniter\Debug\Exceptions->errorHandler(2, 'Undefined variable $transactions', 'C:\\xampp\\htdocs\\finance-manager\\app\\Views\\index.php', 69)
 2 SYSTEMPATH\View\View.php(234): include('C:\\xampp\\htdocs\\finance-manager\\app\\Views\\index.php')
 3 SYSTEMPATH\View\View.php(237): CodeIgniter\View\View->CodeIgniter\View\{closure}()
 4 SYSTEMPATH\Common.php(1171): CodeIgniter\View\View->render('index', [], true)
 5 APPPATH\Controllers\Home.php(13): view('index', [])
 6 SYSTEMPATH\CodeIgniter.php(933): App\Controllers\Home->index()
 7 SYSTEMPATH\CodeIgniter.php(509): CodeIgniter\CodeIgniter->runController(Object(App\Controllers\Home))
 8 SYSTEMPATH\CodeIgniter.php(355): CodeIgniter\CodeIgniter->handleRequest(null, Object(Config\Cache), false)
 9 SYSTEMPATH\Boot.php(334): CodeIgniter\CodeIgniter->run()
10 SYSTEMPATH\Boot.php(67): CodeIgniter\Boot::runCodeIgniter(Object(CodeIgniter\CodeIgniter))
11 FCPATH\index.php(56): CodeIgniter\Boot::bootWeb(Object(Config\Paths))
12 SYSTEMPATH\rewrite.php(44): require_once('C:\\xampp\\htdocs\\finance-manager\\public\\index.php')
CRITICAL - 2024-12-29 09:48:37 --> ErrorException: Undefined variable $transactions
[Method: GET, Route: /]
in APPPATH\Views\index.php on line 69.
 1 APPPATH\Views\index.php(69): CodeIgniter\Debug\Exceptions->errorHandler(2, 'Undefined variable $transactions', 'C:\\xampp\\htdocs\\finance-manager\\app\\Views\\index.php', 69)
 2 SYSTEMPATH\View\View.php(234): include('C:\\xampp\\htdocs\\finance-manager\\app\\Views\\index.php')
 3 SYSTEMPATH\View\View.php(237): CodeIgniter\View\View->CodeIgniter\View\{closure}()
 4 SYSTEMPATH\Common.php(1171): CodeIgniter\View\View->render('index', [], true)
 5 APPPATH\Controllers\Home.php(13): view('index', [])
 6 SYSTEMPATH\CodeIgniter.php(933): App\Controllers\Home->index()
 7 SYSTEMPATH\CodeIgniter.php(509): CodeIgniter\CodeIgniter->runController(Object(App\Controllers\Home))
 8 SYSTEMPATH\CodeIgniter.php(355): CodeIgniter\CodeIgniter->handleRequest(null, Object(Config\Cache), false)
 9 SYSTEMPATH\Boot.php(334): CodeIgniter\CodeIgniter->run()
10 SYSTEMPATH\Boot.php(67): CodeIgniter\Boot::runCodeIgniter(Object(CodeIgniter\CodeIgniter))
11 FCPATH\index.php(56): CodeIgniter\Boot::bootWeb(Object(Config\Paths))
12 SYSTEMPATH\rewrite.php(44): require_once('C:\\xampp\\htdocs\\finance-manager\\public\\index.php')
CRITICAL - 2024-12-29 09:48:37 --> ErrorException: Undefined variable $transactions
[Method: GET, Route: /]
in APPPATH\Views\index.php on line 69.
 1 APPPATH\Views\index.php(69): CodeIgniter\Debug\Exceptions->errorHandler(2, 'Undefined variable $transactions', 'C:\\xampp\\htdocs\\finance-manager\\app\\Views\\index.php', 69)
 2 SYSTEMPATH\View\View.php(234): include('C:\\xampp\\htdocs\\finance-manager\\app\\Views\\index.php')
 3 SYSTEMPATH\View\View.php(237): CodeIgniter\View\View->CodeIgniter\View\{closure}()
 4 SYSTEMPATH\Common.php(1171): CodeIgniter\View\View->render('index', [], true)
 5 APPPATH\Controllers\Home.php(13): view('index', [])
 6 SYSTEMPATH\CodeIgniter.php(933): App\Controllers\Home->index()
 7 SYSTEMPATH\CodeIgniter.php(509): CodeIgniter\CodeIgniter->runController(Object(App\Controllers\Home))
 8 SYSTEMPATH\CodeIgniter.php(355): CodeIgniter\CodeIgniter->handleRequest(null, Object(Config\Cache), false)
 9 SYSTEMPATH\Boot.php(334): CodeIgniter\CodeIgniter->run()
10 SYSTEMPATH\Boot.php(67): CodeIgniter\Boot::runCodeIgniter(Object(CodeIgniter\CodeIgniter))
11 FCPATH\index.php(56): CodeIgniter\Boot::bootWeb(Object(Config\Paths))
12 SYSTEMPATH\rewrite.php(44): require_once('C:\\xampp\\htdocs\\finance-manager\\public\\index.php')
CRITICAL - 2024-12-29 09:48:38 --> ErrorException: Undefined variable $transactions
[Method: GET, Route: /]
in APPPATH\Views\index.php on line 69.
 1 APPPATH\Views\index.php(69): CodeIgniter\Debug\Exceptions->errorHandler(2, 'Undefined variable $transactions', 'C:\\xampp\\htdocs\\finance-manager\\app\\Views\\index.php', 69)
 2 SYSTEMPATH\View\View.php(234): include('C:\\xampp\\htdocs\\finance-manager\\app\\Views\\index.php')
 3 SYSTEMPATH\View\View.php(237): CodeIgniter\View\View->CodeIgniter\View\{closure}()
 4 SYSTEMPATH\Common.php(1171): CodeIgniter\View\View->render('index', [], true)
 5 APPPATH\Controllers\Home.php(13): view('index', [])
 6 SYSTEMPATH\CodeIgniter.php(933): App\Controllers\Home->index()
 7 SYSTEMPATH\CodeIgniter.php(509): CodeIgniter\CodeIgniter->runController(Object(App\Controllers\Home))
 8 SYSTEMPATH\CodeIgniter.php(355): CodeIgniter\CodeIgniter->handleRequest(null, Object(Config\Cache), false)
 9 SYSTEMPATH\Boot.php(334): CodeIgniter\CodeIgniter->run()
10 SYSTEMPATH\Boot.php(67): CodeIgniter\Boot::runCodeIgniter(Object(CodeIgniter\CodeIgniter))
11 FCPATH\index.php(56): CodeIgniter\Boot::bootWeb(Object(Config\Paths))
12 SYSTEMPATH\rewrite.php(44): require_once('C:\\xampp\\htdocs\\finance-manager\\public\\index.php')
CRITICAL - 2024-12-29 09:48:38 --> ErrorException: Undefined variable $transactions
[Method: GET, Route: /]
in APPPATH\Views\index.php on line 69.
 1 APPPATH\Views\index.php(69): CodeIgniter\Debug\Exceptions->errorHandler(2, 'Undefined variable $transactions', 'C:\\xampp\\htdocs\\finance-manager\\app\\Views\\index.php', 69)
 2 SYSTEMPATH\View\View.php(234): include('C:\\xampp\\htdocs\\finance-manager\\app\\Views\\index.php')
 3 SYSTEMPATH\View\View.php(237): CodeIgniter\View\View->CodeIgniter\View\{closure}()
 4 SYSTEMPATH\Common.php(1171): CodeIgniter\View\View->render('index', [], true)
 5 APPPATH\Controllers\Home.php(13): view('index', [])
 6 SYSTEMPATH\CodeIgniter.php(933): App\Controllers\Home->index()
 7 SYSTEMPATH\CodeIgniter.php(509): CodeIgniter\CodeIgniter->runController(Object(App\Controllers\Home))
 8 SYSTEMPATH\CodeIgniter.php(355): CodeIgniter\CodeIgniter->handleRequest(null, Object(Config\Cache), false)
 9 SYSTEMPATH\Boot.php(334): CodeIgniter\CodeIgniter->run()
10 SYSTEMPATH\Boot.php(67): CodeIgniter\Boot::runCodeIgniter(Object(CodeIgniter\CodeIgniter))
11 FCPATH\index.php(56): CodeIgniter\Boot::bootWeb(Object(Config\Paths))
12 SYSTEMPATH\rewrite.php(44): require_once('C:\\xampp\\htdocs\\finance-manager\\public\\index.php')
CRITICAL - 2024-12-29 09:48:38 --> ErrorException: Undefined variable $transactions
[Method: GET, Route: /]
in APPPATH\Views\index.php on line 69.
 1 APPPATH\Views\index.php(69): CodeIgniter\Debug\Exceptions->errorHandler(2, 'Undefined variable $transactions', 'C:\\xampp\\htdocs\\finance-manager\\app\\Views\\index.php', 69)
 2 SYSTEMPATH\View\View.php(234): include('C:\\xampp\\htdocs\\finance-manager\\app\\Views\\index.php')
 3 SYSTEMPATH\View\View.php(237): CodeIgniter\View\View->CodeIgniter\View\{closure}()
 4 SYSTEMPATH\Common.php(1171): CodeIgniter\View\View->render('index', [], true)
 5 APPPATH\Controllers\Home.php(13): view('index', [])
 6 SYSTEMPATH\CodeIgniter.php(933): App\Controllers\Home->index()
 7 SYSTEMPATH\CodeIgniter.php(509): CodeIgniter\CodeIgniter->runController(Object(App\Controllers\Home))
 8 SYSTEMPATH\CodeIgniter.php(355): CodeIgniter\CodeIgniter->handleRequest(null, Object(Config\Cache), false)
 9 SYSTEMPATH\Boot.php(334): CodeIgniter\CodeIgniter->run()
10 SYSTEMPATH\Boot.php(67): CodeIgniter\Boot::runCodeIgniter(Object(CodeIgniter\CodeIgniter))
11 FCPATH\index.php(56): CodeIgniter\Boot::bootWeb(Object(Config\Paths))
12 SYSTEMPATH\rewrite.php(44): require_once('C:\\xampp\\htdocs\\finance-manager\\public\\index.php')
CRITICAL - 2024-12-29 09:54:50 --> ErrorException: Undefined variable $transactions
[Method: GET, Route: /]
in APPPATH\Views\index.php on line 69.
 1 APPPATH\Views\index.php(69): CodeIgniter\Debug\Exceptions->errorHandler(2, 'Undefined variable $transactions', 'C:\\xampp\\htdocs\\finance-manager\\app\\Views\\index.php', 69)
 2 SYSTEMPATH\View\View.php(234): include('C:\\xampp\\htdocs\\finance-manager\\app\\Views\\index.php')
 3 SYSTEMPATH\View\View.php(237): CodeIgniter\View\View->CodeIgniter\View\{closure}()
 4 SYSTEMPATH\Common.php(1171): CodeIgniter\View\View->render('index', [], true)
 5 APPPATH\Controllers\Home.php(14): view('index', [])
 6 SYSTEMPATH\CodeIgniter.php(933): App\Controllers\Home->index()
 7 SYSTEMPATH\CodeIgniter.php(509): CodeIgniter\CodeIgniter->runController(Object(App\Controllers\Home))
 8 SYSTEMPATH\CodeIgniter.php(355): CodeIgniter\CodeIgniter->handleRequest(null, Object(Config\Cache), false)
 9 SYSTEMPATH\Boot.php(334): CodeIgniter\CodeIgniter->run()
10 SYSTEMPATH\Boot.php(67): CodeIgniter\Boot::runCodeIgniter(Object(CodeIgniter\CodeIgniter))
11 FCPATH\index.php(56): CodeIgniter\Boot::bootWeb(Object(Config\Paths))
12 SYSTEMPATH\rewrite.php(44): require_once('C:\\xampp\\htdocs\\finance-manager\\public\\index.php')
CRITICAL - 2024-12-29 09:54:51 --> ErrorException: Undefined variable $transactions
[Method: GET, Route: /]
in APPPATH\Views\index.php on line 69.
 1 APPPATH\Views\index.php(69): CodeIgniter\Debug\Exceptions->errorHandler(2, 'Undefined variable $transactions', 'C:\\xampp\\htdocs\\finance-manager\\app\\Views\\index.php', 69)
 2 SYSTEMPATH\View\View.php(234): include('C:\\xampp\\htdocs\\finance-manager\\app\\Views\\index.php')
 3 SYSTEMPATH\View\View.php(237): CodeIgniter\View\View->CodeIgniter\View\{closure}()
 4 SYSTEMPATH\Common.php(1171): CodeIgniter\View\View->render('index', [], true)
 5 APPPATH\Controllers\Home.php(14): view('index', [])
 6 SYSTEMPATH\CodeIgniter.php(933): App\Controllers\Home->index()
 7 SYSTEMPATH\CodeIgniter.php(509): CodeIgniter\CodeIgniter->runController(Object(App\Controllers\Home))
 8 SYSTEMPATH\CodeIgniter.php(355): CodeIgniter\CodeIgniter->handleRequest(null, Object(Config\Cache), false)
 9 SYSTEMPATH\Boot.php(334): CodeIgniter\CodeIgniter->run()
10 SYSTEMPATH\Boot.php(67): CodeIgniter\Boot::runCodeIgniter(Object(CodeIgniter\CodeIgniter))
11 FCPATH\index.php(56): CodeIgniter\Boot::bootWeb(Object(Config\Paths))
12 SYSTEMPATH\rewrite.php(44): require_once('C:\\xampp\\htdocs\\finance-manager\\public\\index.php')
CRITICAL - 2024-12-29 09:54:52 --> ErrorException: Undefined variable $transactions
[Method: GET, Route: /]
in APPPATH\Views\index.php on line 69.
 1 APPPATH\Views\index.php(69): CodeIgniter\Debug\Exceptions->errorHandler(2, 'Undefined variable $transactions', 'C:\\xampp\\htdocs\\finance-manager\\app\\Views\\index.php', 69)
 2 SYSTEMPATH\View\View.php(234): include('C:\\xampp\\htdocs\\finance-manager\\app\\Views\\index.php')
 3 SYSTEMPATH\View\View.php(237): CodeIgniter\View\View->CodeIgniter\View\{closure}()
 4 SYSTEMPATH\Common.php(1171): CodeIgniter\View\View->render('index', [], true)
 5 APPPATH\Controllers\Home.php(14): view('index', [])
 6 SYSTEMPATH\CodeIgniter.php(933): App\Controllers\Home->index()
 7 SYSTEMPATH\CodeIgniter.php(509): CodeIgniter\CodeIgniter->runController(Object(App\Controllers\Home))
 8 SYSTEMPATH\CodeIgniter.php(355): CodeIgniter\CodeIgniter->handleRequest(null, Object(Config\Cache), false)
 9 SYSTEMPATH\Boot.php(334): CodeIgniter\CodeIgniter->run()
10 SYSTEMPATH\Boot.php(67): CodeIgniter\Boot::runCodeIgniter(Object(CodeIgniter\CodeIgniter))
11 FCPATH\index.php(56): CodeIgniter\Boot::bootWeb(Object(Config\Paths))
12 SYSTEMPATH\rewrite.php(44): require_once('C:\\xampp\\htdocs\\finance-manager\\public\\index.php')
CRITICAL - 2024-12-29 09:54:53 --> ErrorException: Undefined variable $transactions
[Method: GET, Route: /]
in APPPATH\Views\index.php on line 69.
 1 APPPATH\Views\index.php(69): CodeIgniter\Debug\Exceptions->errorHandler(2, 'Undefined variable $transactions', 'C:\\xampp\\htdocs\\finance-manager\\app\\Views\\index.php', 69)
 2 SYSTEMPATH\View\View.php(234): include('C:\\xampp\\htdocs\\finance-manager\\app\\Views\\index.php')
 3 SYSTEMPATH\View\View.php(237): CodeIgniter\View\View->CodeIgniter\View\{closure}()
 4 SYSTEMPATH\Common.php(1171): CodeIgniter\View\View->render('index', [], true)
 5 APPPATH\Controllers\Home.php(14): view('index', [])
 6 SYSTEMPATH\CodeIgniter.php(933): App\Controllers\Home->index()
 7 SYSTEMPATH\CodeIgniter.php(509): CodeIgniter\CodeIgniter->runController(Object(App\Controllers\Home))
 8 SYSTEMPATH\CodeIgniter.php(355): CodeIgniter\CodeIgniter->handleRequest(null, Object(Config\Cache), false)
 9 SYSTEMPATH\Boot.php(334): CodeIgniter\CodeIgniter->run()
10 SYSTEMPATH\Boot.php(67): CodeIgniter\Boot::runCodeIgniter(Object(CodeIgniter\CodeIgniter))
11 FCPATH\index.php(56): CodeIgniter\Boot::bootWeb(Object(Config\Paths))
12 SYSTEMPATH\rewrite.php(44): require_once('C:\\xampp\\htdocs\\finance-manager\\public\\index.php')
CRITICAL - 2024-12-29 10:02:45 --> ErrorException: Undefined variable $transactions
[Method: GET, Route: /]
in APPPATH\Views\index.php on line 69.
 1 APPPATH\Views\index.php(69): CodeIgniter\Debug\Exceptions->errorHandler(2, 'Undefined variable $transactions', 'C:\\xampp\\htdocs\\finance-manager\\app\\Views\\index.php', 69)
 2 SYSTEMPATH\View\View.php(234): include('C:\\xampp\\htdocs\\finance-manager\\app\\Views\\index.php')
 3 SYSTEMPATH\View\View.php(237): CodeIgniter\View\View->CodeIgniter\View\{closure}()
 4 SYSTEMPATH\Common.php(1171): CodeIgniter\View\View->render('index', [], true)
 5 APPPATH\Controllers\Home.php(13): view('index', [])
 6 SYSTEMPATH\CodeIgniter.php(933): App\Controllers\Home->index()
 7 SYSTEMPATH\CodeIgniter.php(509): CodeIgniter\CodeIgniter->runController(Object(App\Controllers\Home))
 8 SYSTEMPATH\CodeIgniter.php(355): CodeIgniter\CodeIgniter->handleRequest(null, Object(Config\Cache), false)
 9 SYSTEMPATH\Boot.php(334): CodeIgniter\CodeIgniter->run()
10 SYSTEMPATH\Boot.php(67): CodeIgniter\Boot::runCodeIgniter(Object(CodeIgniter\CodeIgniter))
11 FCPATH\index.php(56): CodeIgniter\Boot::bootWeb(Object(Config\Paths))
12 SYSTEMPATH\rewrite.php(44): require_once('C:\\xampp\\htdocs\\finance-manager\\public\\index.php')
CRITICAL - 2024-12-29 10:02:46 --> ErrorException: Undefined variable $transactions
[Method: GET, Route: /]
in APPPATH\Views\index.php on line 69.
 1 APPPATH\Views\index.php(69): CodeIgniter\Debug\Exceptions->errorHandler(2, 'Undefined variable $transactions', 'C:\\xampp\\htdocs\\finance-manager\\app\\Views\\index.php', 69)
 2 SYSTEMPATH\View\View.php(234): include('C:\\xampp\\htdocs\\finance-manager\\app\\Views\\index.php')
 3 SYSTEMPATH\View\View.php(237): CodeIgniter\View\View->CodeIgniter\View\{closure}()
 4 SYSTEMPATH\Common.php(1171): CodeIgniter\View\View->render('index', [], true)
 5 APPPATH\Controllers\Home.php(13): view('index', [])
 6 SYSTEMPATH\CodeIgniter.php(933): App\Controllers\Home->index()
 7 SYSTEMPATH\CodeIgniter.php(509): CodeIgniter\CodeIgniter->runController(Object(App\Controllers\Home))
 8 SYSTEMPATH\CodeIgniter.php(355): CodeIgniter\CodeIgniter->handleRequest(null, Object(Config\Cache), false)
 9 SYSTEMPATH\Boot.php(334): CodeIgniter\CodeIgniter->run()
10 SYSTEMPATH\Boot.php(67): CodeIgniter\Boot::runCodeIgniter(Object(CodeIgniter\CodeIgniter))
11 FCPATH\index.php(56): CodeIgniter\Boot::bootWeb(Object(Config\Paths))
12 SYSTEMPATH\rewrite.php(44): require_once('C:\\xampp\\htdocs\\finance-manager\\public\\index.php')
CRITICAL - 2024-12-29 10:02:46 --> ErrorException: Undefined variable $transactions
[Method: GET, Route: /]
in APPPATH\Views\index.php on line 69.
 1 APPPATH\Views\index.php(69): CodeIgniter\Debug\Exceptions->errorHandler(2, 'Undefined variable $transactions', 'C:\\xampp\\htdocs\\finance-manager\\app\\Views\\index.php', 69)
 2 SYSTEMPATH\View\View.php(234): include('C:\\xampp\\htdocs\\finance-manager\\app\\Views\\index.php')
 3 SYSTEMPATH\View\View.php(237): CodeIgniter\View\View->CodeIgniter\View\{closure}()
 4 SYSTEMPATH\Common.php(1171): CodeIgniter\View\View->render('index', [], true)
 5 APPPATH\Controllers\Home.php(13): view('index', [])
 6 SYSTEMPATH\CodeIgniter.php(933): App\Controllers\Home->index()
 7 SYSTEMPATH\CodeIgniter.php(509): CodeIgniter\CodeIgniter->runController(Object(App\Controllers\Home))
 8 SYSTEMPATH\CodeIgniter.php(355): CodeIgniter\CodeIgniter->handleRequest(null, Object(Config\Cache), false)
 9 SYSTEMPATH\Boot.php(334): CodeIgniter\CodeIgniter->run()
10 SYSTEMPATH\Boot.php(67): CodeIgniter\Boot::runCodeIgniter(Object(CodeIgniter\CodeIgniter))
11 FCPATH\index.php(56): CodeIgniter\Boot::bootWeb(Object(Config\Paths))
12 SYSTEMPATH\rewrite.php(44): require_once('C:\\xampp\\htdocs\\finance-manager\\public\\index.php')
CRITICAL - 2024-12-29 16:53:06 --> ErrorException: Undefined variable $transactions
[Method: GET, Route: /]
in APPPATH\Views\index.php on line 69.
 1 APPPATH\Views\index.php(69): CodeIgniter\Debug\Exceptions->errorHandler(2, 'Undefined variable $transactions', 'C:\\xampp\\htdocs\\finance-manager\\app\\Views\\index.php', 69)
 2 SYSTEMPATH\View\View.php(234): include('C:\\xampp\\htdocs\\finance-manager\\app\\Views\\index.php')
 3 SYSTEMPATH\View\View.php(237): CodeIgniter\View\View->CodeIgniter\View\{closure}()
 4 SYSTEMPATH\Common.php(1171): CodeIgniter\View\View->render('index', [], true)
 5 APPPATH\Controllers\Home.php(13): view('index', [])
 6 SYSTEMPATH\CodeIgniter.php(933): App\Controllers\Home->index()
 7 SYSTEMPATH\CodeIgniter.php(509): CodeIgniter\CodeIgniter->runController(Object(App\Controllers\Home))
 8 SYSTEMPATH\CodeIgniter.php(355): CodeIgniter\CodeIgniter->handleRequest(null, Object(Config\Cache), false)
 9 SYSTEMPATH\Boot.php(334): CodeIgniter\CodeIgniter->run()
10 SYSTEMPATH\Boot.php(67): CodeIgniter\Boot::runCodeIgniter(Object(CodeIgniter\CodeIgniter))
11 FCPATH\index.php(56): CodeIgniter\Boot::bootWeb(Object(Config\Paths))
12 SYSTEMPATH\rewrite.php(44): require_once('C:\\xampp\\htdocs\\finance-manager\\public\\index.php')
CRITICAL - 2024-12-29 17:02:54 --> ErrorException: Undefined variable $transactions
[Method: GET, Route: /]
in APPPATH\Views\index.php on line 69.
 1 APPPATH\Views\index.php(69): CodeIgniter\Debug\Exceptions->errorHandler(2, 'Undefined variable $transactions', 'C:\\xampp\\htdocs\\finance-manager\\app\\Views\\index.php', 69)
 2 SYSTEMPATH\View\View.php(234): include('C:\\xampp\\htdocs\\finance-manager\\app\\Views\\index.php')
 3 SYSTEMPATH\View\View.php(237): CodeIgniter\View\View->CodeIgniter\View\{closure}()
 4 SYSTEMPATH\Common.php(1171): CodeIgniter\View\View->render('index', [], true)
 5 APPPATH\Controllers\Home.php(15): view('index', [...])
 6 SYSTEMPATH\CodeIgniter.php(933): App\Controllers\Home->index()
 7 SYSTEMPATH\CodeIgniter.php(509): CodeIgniter\CodeIgniter->runController(Object(App\Controllers\Home))
 8 SYSTEMPATH\CodeIgniter.php(355): CodeIgniter\CodeIgniter->handleRequest(null, Object(Config\Cache), false)
 9 SYSTEMPATH\Boot.php(334): CodeIgniter\CodeIgniter->run()
10 SYSTEMPATH\Boot.php(67): CodeIgniter\Boot::runCodeIgniter(Object(CodeIgniter\CodeIgniter))
11 FCPATH\index.php(56): CodeIgniter\Boot::bootWeb(Object(Config\Paths))
12 SYSTEMPATH\rewrite.php(44): require_once('C:\\xampp\\htdocs\\finance-manager\\public\\index.php')
CRITICAL - 2024-12-29 17:08:12 --> ErrorException: Undefined variable $page
[Method: GET, Route: /]
in APPPATH\Views\index.php on line 82.
 1 APPPATH\Views\index.php(82): CodeIgniter\Debug\Exceptions->errorHandler(2, 'Undefined variable $page', 'C:\\xampp\\htdocs\\finance-manager\\app\\Views\\index.php', 82)
 2 SYSTEMPATH\View\View.php(234): include('C:\\xampp\\htdocs\\finance-manager\\app\\Views\\index.php')
 3 SYSTEMPATH\View\View.php(237): CodeIgniter\View\View->CodeIgniter\View\{closure}()
 4 SYSTEMPATH\Common.php(1171): CodeIgniter\View\View->render('index', [], true)
 5 APPPATH\Controllers\Home.php(18): view('index', [...])
 6 SYSTEMPATH\CodeIgniter.php(933): App\Controllers\Home->index()
 7 SYSTEMPATH\CodeIgniter.php(509): CodeIgniter\CodeIgniter->runController(Object(App\Controllers\Home))
 8 SYSTEMPATH\CodeIgniter.php(355): CodeIgniter\CodeIgniter->handleRequest(null, Object(Config\Cache), false)
 9 SYSTEMPATH\Boot.php(334): CodeIgniter\CodeIgniter->run()
10 SYSTEMPATH\Boot.php(67): CodeIgniter\Boot::runCodeIgniter(Object(CodeIgniter\CodeIgniter))
11 FCPATH\index.php(56): CodeIgniter\Boot::bootWeb(Object(Config\Paths))
12 SYSTEMPATH\rewrite.php(44): require_once('C:\\xampp\\htdocs\\finance-manager\\public\\index.php')
CRITICAL - 2024-12-29 17:08:13 --> ErrorException: Undefined variable $page
[Method: GET, Route: /]
in APPPATH\Views\index.php on line 82.
 1 APPPATH\Views\index.php(82): CodeIgniter\Debug\Exceptions->errorHandler(2, 'Undefined variable $page', 'C:\\xampp\\htdocs\\finance-manager\\app\\Views\\index.php', 82)
 2 SYSTEMPATH\View\View.php(234): include('C:\\xampp\\htdocs\\finance-manager\\app\\Views\\index.php')
 3 SYSTEMPATH\View\View.php(237): CodeIgniter\View\View->CodeIgniter\View\{closure}()
 4 SYSTEMPATH\Common.php(1171): CodeIgniter\View\View->render('index', [], true)
 5 APPPATH\Controllers\Home.php(18): view('index', [...])
 6 SYSTEMPATH\CodeIgniter.php(933): App\Controllers\Home->index()
 7 SYSTEMPATH\CodeIgniter.php(509): CodeIgniter\CodeIgniter->runController(Object(App\Controllers\Home))
 8 SYSTEMPATH\CodeIgniter.php(355): CodeIgniter\CodeIgniter->handleRequest(null, Object(Config\Cache), false)
 9 SYSTEMPATH\Boot.php(334): CodeIgniter\CodeIgniter->run()
10 SYSTEMPATH\Boot.php(67): CodeIgniter\Boot::runCodeIgniter(Object(CodeIgniter\CodeIgniter))
11 FCPATH\index.php(56): CodeIgniter\Boot::bootWeb(Object(Config\Paths))
12 SYSTEMPATH\rewrite.php(44): require_once('C:\\xampp\\htdocs\\finance-manager\\public\\index.php')
CRITICAL - 2024-12-29 17:08:15 --> ErrorException: Undefined variable $page
[Method: GET, Route: /]
in APPPATH\Views\index.php on line 82.
 1 APPPATH\Views\index.php(82): CodeIgniter\Debug\Exceptions->errorHandler(2, 'Undefined variable $page', 'C:\\xampp\\htdocs\\finance-manager\\app\\Views\\index.php', 82)
 2 SYSTEMPATH\View\View.php(234): include('C:\\xampp\\htdocs\\finance-manager\\app\\Views\\index.php')
 3 SYSTEMPATH\View\View.php(237): CodeIgniter\View\View->CodeIgniter\View\{closure}()
 4 SYSTEMPATH\Common.php(1171): CodeIgniter\View\View->render('index', [], true)
 5 APPPATH\Controllers\Home.php(18): view('index', [...])
 6 SYSTEMPATH\CodeIgniter.php(933): App\Controllers\Home->index()
 7 SYSTEMPATH\CodeIgniter.php(509): CodeIgniter\CodeIgniter->runController(Object(App\Controllers\Home))
 8 SYSTEMPATH\CodeIgniter.php(355): CodeIgniter\CodeIgniter->handleRequest(null, Object(Config\Cache), false)
 9 SYSTEMPATH\Boot.php(334): CodeIgniter\CodeIgniter->run()
10 SYSTEMPATH\Boot.php(67): CodeIgniter\Boot::runCodeIgniter(Object(CodeIgniter\CodeIgniter))
11 FCPATH\index.php(56): CodeIgniter\Boot::bootWeb(Object(Config\Paths))
12 SYSTEMPATH\rewrite.php(44): require_once('C:\\xampp\\htdocs\\finance-manager\\public\\index.php')
CRITICAL - 2024-12-29 17:08:15 --> ErrorException: Undefined variable $page
[Method: GET, Route: /]
in APPPATH\Views\index.php on line 82.
 1 APPPATH\Views\index.php(82): CodeIgniter\Debug\Exceptions->errorHandler(2, 'Undefined variable $page', 'C:\\xampp\\htdocs\\finance-manager\\app\\Views\\index.php', 82)
 2 SYSTEMPATH\View\View.php(234): include('C:\\xampp\\htdocs\\finance-manager\\app\\Views\\index.php')
 3 SYSTEMPATH\View\View.php(237): CodeIgniter\View\View->CodeIgniter\View\{closure}()
 4 SYSTEMPATH\Common.php(1171): CodeIgniter\View\View->render('index', [], true)
 5 APPPATH\Controllers\Home.php(18): view('index', [...])
 6 SYSTEMPATH\CodeIgniter.php(933): App\Controllers\Home->index()
 7 SYSTEMPATH\CodeIgniter.php(509): CodeIgniter\CodeIgniter->runController(Object(App\Controllers\Home))
 8 SYSTEMPATH\CodeIgniter.php(355): CodeIgniter\CodeIgniter->handleRequest(null, Object(Config\Cache), false)
 9 SYSTEMPATH\Boot.php(334): CodeIgniter\CodeIgniter->run()
10 SYSTEMPATH\Boot.php(67): CodeIgniter\Boot::runCodeIgniter(Object(CodeIgniter\CodeIgniter))
11 FCPATH\index.php(56): CodeIgniter\Boot::bootWeb(Object(Config\Paths))
12 SYSTEMPATH\rewrite.php(44): require_once('C:\\xampp\\htdocs\\finance-manager\\public\\index.php')
CRITICAL - 2024-12-29 17:08:16 --> ErrorException: Undefined variable $page
[Method: GET, Route: /]
in APPPATH\Views\index.php on line 82.
 1 APPPATH\Views\index.php(82): CodeIgniter\Debug\Exceptions->errorHandler(2, 'Undefined variable $page', 'C:\\xampp\\htdocs\\finance-manager\\app\\Views\\index.php', 82)
 2 SYSTEMPATH\View\View.php(234): include('C:\\xampp\\htdocs\\finance-manager\\app\\Views\\index.php')
 3 SYSTEMPATH\View\View.php(237): CodeIgniter\View\View->CodeIgniter\View\{closure}()
 4 SYSTEMPATH\Common.php(1171): CodeIgniter\View\View->render('index', [], true)
 5 APPPATH\Controllers\Home.php(18): view('index', [...])
 6 SYSTEMPATH\CodeIgniter.php(933): App\Controllers\Home->index()
 7 SYSTEMPATH\CodeIgniter.php(509): CodeIgniter\CodeIgniter->runController(Object(App\Controllers\Home))
 8 SYSTEMPATH\CodeIgniter.php(355): CodeIgniter\CodeIgniter->handleRequest(null, Object(Config\Cache), false)
 9 SYSTEMPATH\Boot.php(334): CodeIgniter\CodeIgniter->run()
10 SYSTEMPATH\Boot.php(67): CodeIgniter\Boot::runCodeIgniter(Object(CodeIgniter\CodeIgniter))
11 FCPATH\index.php(56): CodeIgniter\Boot::bootWeb(Object(Config\Paths))
12 SYSTEMPATH\rewrite.php(44): require_once('C:\\xampp\\htdocs\\finance-manager\\public\\index.php')
CRITICAL - 2024-12-29 17:08:16 --> ErrorException: Undefined variable $page
[Method: GET, Route: /]
in APPPATH\Views\index.php on line 82.
 1 APPPATH\Views\index.php(82): CodeIgniter\Debug\Exceptions->errorHandler(2, 'Undefined variable $page', 'C:\\xampp\\htdocs\\finance-manager\\app\\Views\\index.php', 82)
 2 SYSTEMPATH\View\View.php(234): include('C:\\xampp\\htdocs\\finance-manager\\app\\Views\\index.php')
 3 SYSTEMPATH\View\View.php(237): CodeIgniter\View\View->CodeIgniter\View\{closure}()
 4 SYSTEMPATH\Common.php(1171): CodeIgniter\View\View->render('index', [], true)
 5 APPPATH\Controllers\Home.php(18): view('index', [...])
 6 SYSTEMPATH\CodeIgniter.php(933): App\Controllers\Home->index()
 7 SYSTEMPATH\CodeIgniter.php(509): CodeIgniter\CodeIgniter->runController(Object(App\Controllers\Home))
 8 SYSTEMPATH\CodeIgniter.php(355): CodeIgniter\CodeIgniter->handleRequest(null, Object(Config\Cache), false)
 9 SYSTEMPATH\Boot.php(334): CodeIgniter\CodeIgniter->run()
10 SYSTEMPATH\Boot.php(67): CodeIgniter\Boot::runCodeIgniter(Object(CodeIgniter\CodeIgniter))
11 FCPATH\index.php(56): CodeIgniter\Boot::bootWeb(Object(Config\Paths))
12 SYSTEMPATH\rewrite.php(44): require_once('C:\\xampp\\htdocs\\finance-manager\\public\\index.php')
CRITICAL - 2024-12-29 17:08:16 --> ErrorException: Undefined variable $page
[Method: GET, Route: /]
in APPPATH\Views\index.php on line 82.
 1 APPPATH\Views\index.php(82): CodeIgniter\Debug\Exceptions->errorHandler(2, 'Undefined variable $page', 'C:\\xampp\\htdocs\\finance-manager\\app\\Views\\index.php', 82)
 2 SYSTEMPATH\View\View.php(234): include('C:\\xampp\\htdocs\\finance-manager\\app\\Views\\index.php')
 3 SYSTEMPATH\View\View.php(237): CodeIgniter\View\View->CodeIgniter\View\{closure}()
 4 SYSTEMPATH\Common.php(1171): CodeIgniter\View\View->render('index', [], true)
 5 APPPATH\Controllers\Home.php(18): view('index', [...])
 6 SYSTEMPATH\CodeIgniter.php(933): App\Controllers\Home->index()
 7 SYSTEMPATH\CodeIgniter.php(509): CodeIgniter\CodeIgniter->runController(Object(App\Controllers\Home))
 8 SYSTEMPATH\CodeIgniter.php(355): CodeIgniter\CodeIgniter->handleRequest(null, Object(Config\Cache), false)
 9 SYSTEMPATH\Boot.php(334): CodeIgniter\CodeIgniter->run()
10 SYSTEMPATH\Boot.php(67): CodeIgniter\Boot::runCodeIgniter(Object(CodeIgniter\CodeIgniter))
11 FCPATH\index.php(56): CodeIgniter\Boot::bootWeb(Object(Config\Paths))
12 SYSTEMPATH\rewrite.php(44): require_once('C:\\xampp\\htdocs\\finance-manager\\public\\index.php')
CRITICAL - 2024-12-29 17:09:50 --> ErrorException: Undefined variable $page
[Method: GET, Route: /]
in APPPATH\Views\index.php on line 82.
 1 APPPATH\Views\index.php(82): CodeIgniter\Debug\Exceptions->errorHandler(2, 'Undefined variable $page', 'C:\\xampp\\htdocs\\finance-manager\\app\\Views\\index.php', 82)
 2 SYSTEMPATH\View\View.php(234): include('C:\\xampp\\htdocs\\finance-manager\\app\\Views\\index.php')
 3 SYSTEMPATH\View\View.php(237): CodeIgniter\View\View->CodeIgniter\View\{closure}()
 4 SYSTEMPATH\Common.php(1171): CodeIgniter\View\View->render('index', [], true)
 5 APPPATH\Controllers\Home.php(21): view('index', [...])
 6 SYSTEMPATH\CodeIgniter.php(933): App\Controllers\Home->index()
 7 SYSTEMPATH\CodeIgniter.php(509): CodeIgniter\CodeIgniter->runController(Object(App\Controllers\Home))
 8 SYSTEMPATH\CodeIgniter.php(355): CodeIgniter\CodeIgniter->handleRequest(null, Object(Config\Cache), false)
 9 SYSTEMPATH\Boot.php(334): CodeIgniter\CodeIgniter->run()
10 SYSTEMPATH\Boot.php(67): CodeIgniter\Boot::runCodeIgniter(Object(CodeIgniter\CodeIgniter))
11 FCPATH\index.php(56): CodeIgniter\Boot::bootWeb(Object(Config\Paths))
12 SYSTEMPATH\rewrite.php(44): require_once('C:\\xampp\\htdocs\\finance-manager\\public\\index.php')
CRITICAL - 2024-12-29 17:54:41 --> ErrorException: Undefined variable $transactions
[Method: GET, Route: /]
in APPPATH\Views\index.php on line 69.
 1 APPPATH\Views\index.php(69): CodeIgniter\Debug\Exceptions->errorHandler(2, 'Undefined variable $transactions', 'C:\\xampp\\htdocs\\finance-manager\\app\\Views\\index.php', 69)
 2 SYSTEMPATH\View\View.php(234): include('C:\\xampp\\htdocs\\finance-manager\\app\\Views\\index.php')
 3 SYSTEMPATH\View\View.php(237): CodeIgniter\View\View->CodeIgniter\View\{closure}()
 4 SYSTEMPATH\Common.php(1171): CodeIgniter\View\View->render('index', [], true)
 5 APPPATH\Controllers\Home.php(11): view('index')
 6 SYSTEMPATH\CodeIgniter.php(933): App\Controllers\Home->index()
 7 SYSTEMPATH\CodeIgniter.php(509): CodeIgniter\CodeIgniter->runController(Object(App\Controllers\Home))
 8 SYSTEMPATH\CodeIgniter.php(355): CodeIgniter\CodeIgniter->handleRequest(null, Object(Config\Cache), false)
 9 SYSTEMPATH\Boot.php(334): CodeIgniter\CodeIgniter->run()
10 SYSTEMPATH\Boot.php(67): CodeIgniter\Boot::runCodeIgniter(Object(CodeIgniter\CodeIgniter))
11 FCPATH\index.php(56): CodeIgniter\Boot::bootWeb(Object(Config\Paths))
12 SYSTEMPATH\rewrite.php(44): require_once('C:\\xampp\\htdocs\\finance-manager\\public\\index.php')
CRITICAL - 2024-12-29 17:54:42 --> ErrorException: Undefined variable $transactions
[Method: GET, Route: /]
in APPPATH\Views\index.php on line 69.
 1 APPPATH\Views\index.php(69): CodeIgniter\Debug\Exceptions->errorHandler(2, 'Undefined variable $transactions', 'C:\\xampp\\htdocs\\finance-manager\\app\\Views\\index.php', 69)
 2 SYSTEMPATH\View\View.php(234): include('C:\\xampp\\htdocs\\finance-manager\\app\\Views\\index.php')
 3 SYSTEMPATH\View\View.php(237): CodeIgniter\View\View->CodeIgniter\View\{closure}()
 4 SYSTEMPATH\Common.php(1171): CodeIgniter\View\View->render('index', [], true)
 5 APPPATH\Controllers\Home.php(11): view('index')
 6 SYSTEMPATH\CodeIgniter.php(933): App\Controllers\Home->index()
 7 SYSTEMPATH\CodeIgniter.php(509): CodeIgniter\CodeIgniter->runController(Object(App\Controllers\Home))
 8 SYSTEMPATH\CodeIgniter.php(355): CodeIgniter\CodeIgniter->handleRequest(null, Object(Config\Cache), false)
 9 SYSTEMPATH\Boot.php(334): CodeIgniter\CodeIgniter->run()
10 SYSTEMPATH\Boot.php(67): CodeIgniter\Boot::runCodeIgniter(Object(CodeIgniter\CodeIgniter))
11 FCPATH\index.php(56): CodeIgniter\Boot::bootWeb(Object(Config\Paths))
12 SYSTEMPATH\rewrite.php(44): require_once('C:\\xampp\\htdocs\\finance-manager\\public\\index.php')
CRITICAL - 2024-12-29 17:54:43 --> ErrorException: Undefined variable $transactions
[Method: GET, Route: /]
in APPPATH\Views\index.php on line 69.
 1 APPPATH\Views\index.php(69): CodeIgniter\Debug\Exceptions->errorHandler(2, 'Undefined variable $transactions', 'C:\\xampp\\htdocs\\finance-manager\\app\\Views\\index.php', 69)
 2 SYSTEMPATH\View\View.php(234): include('C:\\xampp\\htdocs\\finance-manager\\app\\Views\\index.php')
 3 SYSTEMPATH\View\View.php(237): CodeIgniter\View\View->CodeIgniter\View\{closure}()
 4 SYSTEMPATH\Common.php(1171): CodeIgniter\View\View->render('index', [], true)
 5 APPPATH\Controllers\Home.php(11): view('index')
 6 SYSTEMPATH\CodeIgniter.php(933): App\Controllers\Home->index()
 7 SYSTEMPATH\CodeIgniter.php(509): CodeIgniter\CodeIgniter->runController(Object(App\Controllers\Home))
 8 SYSTEMPATH\CodeIgniter.php(355): CodeIgniter\CodeIgniter->handleRequest(null, Object(Config\Cache), false)
 9 SYSTEMPATH\Boot.php(334): CodeIgniter\CodeIgniter->run()
10 SYSTEMPATH\Boot.php(67): CodeIgniter\Boot::runCodeIgniter(Object(CodeIgniter\CodeIgniter))
11 FCPATH\index.php(56): CodeIgniter\Boot::bootWeb(Object(Config\Paths))
12 SYSTEMPATH\rewrite.php(44): require_once('C:\\xampp\\htdocs\\finance-manager\\public\\index.php')
CRITICAL - 2024-12-29 17:54:43 --> ErrorException: Undefined variable $transactions
[Method: GET, Route: /]
in APPPATH\Views\index.php on line 69.
 1 APPPATH\Views\index.php(69): CodeIgniter\Debug\Exceptions->errorHandler(2, 'Undefined variable $transactions', 'C:\\xampp\\htdocs\\finance-manager\\app\\Views\\index.php', 69)
 2 SYSTEMPATH\View\View.php(234): include('C:\\xampp\\htdocs\\finance-manager\\app\\Views\\index.php')
 3 SYSTEMPATH\View\View.php(237): CodeIgniter\View\View->CodeIgniter\View\{closure}()
 4 SYSTEMPATH\Common.php(1171): CodeIgniter\View\View->render('index', [], true)
 5 APPPATH\Controllers\Home.php(11): view('index')
 6 SYSTEMPATH\CodeIgniter.php(933): App\Controllers\Home->index()
 7 SYSTEMPATH\CodeIgniter.php(509): CodeIgniter\CodeIgniter->runController(Object(App\Controllers\Home))
 8 SYSTEMPATH\CodeIgniter.php(355): CodeIgniter\CodeIgniter->handleRequest(null, Object(Config\Cache), false)
 9 SYSTEMPATH\Boot.php(334): CodeIgniter\CodeIgniter->run()
10 SYSTEMPATH\Boot.php(67): CodeIgniter\Boot::runCodeIgniter(Object(CodeIgniter\CodeIgniter))
11 FCPATH\index.php(56): CodeIgniter\Boot::bootWeb(Object(Config\Paths))
12 SYSTEMPATH\rewrite.php(44): require_once('C:\\xampp\\htdocs\\finance-manager\\public\\index.php')
CRITICAL - 2024-12-29 17:54:43 --> ErrorException: Undefined variable $transactions
[Method: GET, Route: /]
in APPPATH\Views\index.php on line 69.
 1 APPPATH\Views\index.php(69): CodeIgniter\Debug\Exceptions->errorHandler(2, 'Undefined variable $transactions', 'C:\\xampp\\htdocs\\finance-manager\\app\\Views\\index.php', 69)
 2 SYSTEMPATH\View\View.php(234): include('C:\\xampp\\htdocs\\finance-manager\\app\\Views\\index.php')
 3 SYSTEMPATH\View\View.php(237): CodeIgniter\View\View->CodeIgniter\View\{closure}()
 4 SYSTEMPATH\Common.php(1171): CodeIgniter\View\View->render('index', [], true)
 5 APPPATH\Controllers\Home.php(11): view('index')
 6 SYSTEMPATH\CodeIgniter.php(933): App\Controllers\Home->index()
 7 SYSTEMPATH\CodeIgniter.php(509): CodeIgniter\CodeIgniter->runController(Object(App\Controllers\Home))
 8 SYSTEMPATH\CodeIgniter.php(355): CodeIgniter\CodeIgniter->handleRequest(null, Object(Config\Cache), false)
 9 SYSTEMPATH\Boot.php(334): CodeIgniter\CodeIgniter->run()
10 SYSTEMPATH\Boot.php(67): CodeIgniter\Boot::runCodeIgniter(Object(CodeIgniter\CodeIgniter))
11 FCPATH\index.php(56): CodeIgniter\Boot::bootWeb(Object(Config\Paths))
12 SYSTEMPATH\rewrite.php(44): require_once('C:\\xampp\\htdocs\\finance-manager\\public\\index.php')
CRITICAL - 2024-12-29 17:56:50 --> ErrorException: Undefined variable $transactions
[Method: GET, Route: /]
in APPPATH\Views\index.php on line 69.
 1 APPPATH\Views\index.php(69): CodeIgniter\Debug\Exceptions->errorHandler(2, 'Undefined variable $transactions', 'C:\\xampp\\htdocs\\finance-manager\\app\\Views\\index.php', 69)
 2 SYSTEMPATH\View\View.php(234): include('C:\\xampp\\htdocs\\finance-manager\\app\\Views\\index.php')
 3 SYSTEMPATH\View\View.php(237): CodeIgniter\View\View->CodeIgniter\View\{closure}()
 4 SYSTEMPATH\Common.php(1171): CodeIgniter\View\View->render('index', [], true)
 5 APPPATH\Controllers\Home.php(11): view('index')
 6 SYSTEMPATH\CodeIgniter.php(933): App\Controllers\Home->index()
 7 SYSTEMPATH\CodeIgniter.php(509): CodeIgniter\CodeIgniter->runController(Object(App\Controllers\Home))
 8 SYSTEMPATH\CodeIgniter.php(355): CodeIgniter\CodeIgniter->handleRequest(null, Object(Config\Cache), false)
 9 SYSTEMPATH\Boot.php(334): CodeIgniter\CodeIgniter->run()
10 SYSTEMPATH\Boot.php(67): CodeIgniter\Boot::runCodeIgniter(Object(CodeIgniter\CodeIgniter))
11 FCPATH\index.php(56): CodeIgniter\Boot::bootWeb(Object(Config\Paths))
12 SYSTEMPATH\rewrite.php(44): require_once('C:\\xampp\\htdocs\\finance-manager\\public\\index.php')
CRITICAL - 2024-12-29 17:56:51 --> ErrorException: Undefined variable $transactions
[Method: GET, Route: /]
in APPPATH\Views\index.php on line 69.
 1 APPPATH\Views\index.php(69): CodeIgniter\Debug\Exceptions->errorHandler(2, 'Undefined variable $transactions', 'C:\\xampp\\htdocs\\finance-manager\\app\\Views\\index.php', 69)
 2 SYSTEMPATH\View\View.php(234): include('C:\\xampp\\htdocs\\finance-manager\\app\\Views\\index.php')
 3 SYSTEMPATH\View\View.php(237): CodeIgniter\View\View->CodeIgniter\View\{closure}()
 4 SYSTEMPATH\Common.php(1171): CodeIgniter\View\View->render('index', [], true)
 5 APPPATH\Controllers\Home.php(11): view('index')
 6 SYSTEMPATH\CodeIgniter.php(933): App\Controllers\Home->index()
 7 SYSTEMPATH\CodeIgniter.php(509): CodeIgniter\CodeIgniter->runController(Object(App\Controllers\Home))
 8 SYSTEMPATH\CodeIgniter.php(355): CodeIgniter\CodeIgniter->handleRequest(null, Object(Config\Cache), false)
 9 SYSTEMPATH\Boot.php(334): CodeIgniter\CodeIgniter->run()
10 SYSTEMPATH\Boot.php(67): CodeIgniter\Boot::runCodeIgniter(Object(CodeIgniter\CodeIgniter))
11 FCPATH\index.php(56): CodeIgniter\Boot::bootWeb(Object(Config\Paths))
12 SYSTEMPATH\rewrite.php(44): require_once('C:\\xampp\\htdocs\\finance-manager\\public\\index.php')
CRITICAL - 2024-12-29 17:59:30 --> ErrorException: Undefined variable $transactions
[Method: GET, Route: /]
in APPPATH\Views\index.php on line 69.
 1 APPPATH\Views\index.php(69): CodeIgniter\Debug\Exceptions->errorHandler(2, 'Undefined variable $transactions', 'C:\\xampp\\htdocs\\finance-manager\\app\\Views\\index.php', 69)
 2 SYSTEMPATH\View\View.php(234): include('C:\\xampp\\htdocs\\finance-manager\\app\\Views\\index.php')
 3 SYSTEMPATH\View\View.php(237): CodeIgniter\View\View->CodeIgniter\View\{closure}()
 4 SYSTEMPATH\Common.php(1171): CodeIgniter\View\View->render('index', [], true)
 5 APPPATH\Controllers\Home.php(11): view('index')
 6 SYSTEMPATH\CodeIgniter.php(933): App\Controllers\Home->index()
 7 SYSTEMPATH\CodeIgniter.php(509): CodeIgniter\CodeIgniter->runController(Object(App\Controllers\Home))
 8 SYSTEMPATH\CodeIgniter.php(355): CodeIgniter\CodeIgniter->handleRequest(null, Object(Config\Cache), false)
 9 SYSTEMPATH\Boot.php(334): CodeIgniter\CodeIgniter->run()
10 SYSTEMPATH\Boot.php(67): CodeIgniter\Boot::runCodeIgniter(Object(CodeIgniter\CodeIgniter))
11 FCPATH\index.php(56): CodeIgniter\Boot::bootWeb(Object(Config\Paths))
12 SYSTEMPATH\rewrite.php(44): require_once('C:\\xampp\\htdocs\\finance-manager\\public\\index.php')
CRITICAL - 2024-12-29 18:02:55 --> ErrorException: Undefined variable $page
[Method: GET, Route: /]
in APPPATH\Views\index.php on line 82.
 1 APPPATH\Views\index.php(82): CodeIgniter\Debug\Exceptions->errorHandler(2, 'Undefined variable $page', 'C:\\xampp\\htdocs\\finance-manager\\app\\Views\\index.php', 82)
 2 SYSTEMPATH\View\View.php(234): include('C:\\xampp\\htdocs\\finance-manager\\app\\Views\\index.php')
 3 SYSTEMPATH\View\View.php(237): CodeIgniter\View\View->CodeIgniter\View\{closure}()
 4 SYSTEMPATH\Common.php(1171): CodeIgniter\View\View->render('index', [], true)
 5 APPPATH\Controllers\Home.php(23): view('index', [...])
 6 SYSTEMPATH\CodeIgniter.php(933): App\Controllers\Home->index()
 7 SYSTEMPATH\CodeIgniter.php(509): CodeIgniter\CodeIgniter->runController(Object(App\Controllers\Home))
 8 SYSTEMPATH\CodeIgniter.php(355): CodeIgniter\CodeIgniter->handleRequest(null, Object(Config\Cache), false)
 9 SYSTEMPATH\Boot.php(334): CodeIgniter\CodeIgniter->run()
10 SYSTEMPATH\Boot.php(67): CodeIgniter\Boot::runCodeIgniter(Object(CodeIgniter\CodeIgniter))
11 FCPATH\index.php(56): CodeIgniter\Boot::bootWeb(Object(Config\Paths))
12 SYSTEMPATH\rewrite.php(44): require_once('C:\\xampp\\htdocs\\finance-manager\\public\\index.php')
CRITICAL - 2024-12-29 18:05:23 --> CodeIgniter\View\Exceptions\ViewException: Invalid file: "error.php"
[Method: GET, Route: /]
in SYSTEMPATH\Exceptions\FrameworkException.php on line 41.
 1 SYSTEMPATH\View\View.php(222): CodeIgniter\Exceptions\FrameworkException::forInvalidFile('error.php')
 2 SYSTEMPATH\Common.php(1171): CodeIgniter\View\View->render('error', [], true)
 3 APPPATH\Controllers\Home.php(27): view('error', [...])
 4 SYSTEMPATH\CodeIgniter.php(933): App\Controllers\Home->index()
 5 SYSTEMPATH\CodeIgniter.php(509): CodeIgniter\CodeIgniter->runController(Object(App\Controllers\Home))
 6 SYSTEMPATH\CodeIgniter.php(355): CodeIgniter\CodeIgniter->handleRequest(null, Object(Config\Cache), false)
 7 SYSTEMPATH\Boot.php(334): CodeIgniter\CodeIgniter->run()
 8 SYSTEMPATH\Boot.php(67): CodeIgniter\Boot::runCodeIgniter(Object(CodeIgniter\CodeIgniter))
 9 FCPATH\index.php(56): CodeIgniter\Boot::bootWeb(Object(Config\Paths))
10 SYSTEMPATH\rewrite.php(44): require_once('C:\\xampp\\htdocs\\finance-manager\\public\\index.php')
CRITICAL - 2024-12-29 18:06:12 --> CodeIgniter\View\Exceptions\ViewException: Invalid file: "error.php"
[Method: GET, Route: /]
in SYSTEMPATH\Exceptions\FrameworkException.php on line 41.
 1 SYSTEMPATH\View\View.php(222): CodeIgniter\Exceptions\FrameworkException::forInvalidFile('error.php')
 2 SYSTEMPATH\Common.php(1171): CodeIgniter\View\View->render('error', [], true)
 3 APPPATH\Controllers\Home.php(25): view('error', [...])
 4 SYSTEMPATH\CodeIgniter.php(933): App\Controllers\Home->index()
 5 SYSTEMPATH\CodeIgniter.php(509): CodeIgniter\CodeIgniter->runController(Object(App\Controllers\Home))
 6 SYSTEMPATH\CodeIgniter.php(355): CodeIgniter\CodeIgniter->handleRequest(null, Object(Config\Cache), false)
 7 SYSTEMPATH\Boot.php(334): CodeIgniter\CodeIgniter->run()
 8 SYSTEMPATH\Boot.php(67): CodeIgniter\Boot::runCodeIgniter(Object(CodeIgniter\CodeIgniter))
 9 FCPATH\index.php(56): CodeIgniter\Boot::bootWeb(Object(Config\Paths))
10 SYSTEMPATH\rewrite.php(44): require_once('C:\\xampp\\htdocs\\finance-manager\\public\\index.php')
CRITICAL - 2024-12-29 18:08:20 --> TypeError: Unsupported operand types: string - int
[Method: GET, Route: /]
in APPPATH\Views\index.php on line 84.
 1 SYSTEMPATH\View\View.php(234): include()
 2 SYSTEMPATH\View\View.php(237): CodeIgniter\View\View->CodeIgniter\View\{closure}()
 3 SYSTEMPATH\Common.php(1171): CodeIgniter\View\View->render('index', [], true)
 4 APPPATH\Controllers\Home.php(22): view('index', [...])
 5 SYSTEMPATH\CodeIgniter.php(933): App\Controllers\Home->index()
 6 SYSTEMPATH\CodeIgniter.php(509): CodeIgniter\CodeIgniter->runController(Object(App\Controllers\Home))
 7 SYSTEMPATH\CodeIgniter.php(355): CodeIgniter\CodeIgniter->handleRequest(null, Object(Config\Cache), false)
 8 SYSTEMPATH\Boot.php(334): CodeIgniter\CodeIgniter->run()
 9 SYSTEMPATH\Boot.php(67): CodeIgniter\Boot::runCodeIgniter(Object(CodeIgniter\CodeIgniter))
10 FCPATH\index.php(56): CodeIgniter\Boot::bootWeb(Object(Config\Paths))
11 SYSTEMPATH\rewrite.php(44): require_once('C:\\xampp\\htdocs\\finance-manager\\public\\index.php')
CRITICAL - 2024-12-29 18:10:04 --> TypeError: Unsupported operand types: string - int
[Method: GET, Route: /]
in APPPATH\Views\index.php on line 84.
 1 SYSTEMPATH\View\View.php(234): include()
 2 SYSTEMPATH\View\View.php(237): CodeIgniter\View\View->CodeIgniter\View\{closure}()
 3 SYSTEMPATH\Common.php(1171): CodeIgniter\View\View->render('index', [], true)
 4 APPPATH\Controllers\Home.php(22): view('index', [...])
 5 SYSTEMPATH\CodeIgniter.php(933): App\Controllers\Home->index()
 6 SYSTEMPATH\CodeIgniter.php(509): CodeIgniter\CodeIgniter->runController(Object(App\Controllers\Home))
 7 SYSTEMPATH\CodeIgniter.php(355): CodeIgniter\CodeIgniter->handleRequest(null, Object(Config\Cache), false)
 8 SYSTEMPATH\Boot.php(334): CodeIgniter\CodeIgniter->run()
 9 SYSTEMPATH\Boot.php(67): CodeIgniter\Boot::runCodeIgniter(Object(CodeIgniter\CodeIgniter))
10 FCPATH\index.php(56): CodeIgniter\Boot::bootWeb(Object(Config\Paths))
11 SYSTEMPATH\rewrite.php(44): require_once('C:\\xampp\\htdocs\\finance-manager\\public\\index.php')
CRITICAL - 2024-12-29 18:11:33 --> TypeError: Unsupported operand types: string - int
[Method: GET, Route: /]
in APPPATH\Views\index.php on line 84.
 1 SYSTEMPATH\View\View.php(234): include()
 2 SYSTEMPATH\View\View.php(237): CodeIgniter\View\View->CodeIgniter\View\{closure}()
 3 SYSTEMPATH\Common.php(1171): CodeIgniter\View\View->render('index', [], true)
 4 APPPATH\Controllers\Home.php(22): view('index', [...])
 5 SYSTEMPATH\CodeIgniter.php(933): App\Controllers\Home->index()
 6 SYSTEMPATH\CodeIgniter.php(509): CodeIgniter\CodeIgniter->runController(Object(App\Controllers\Home))
 7 SYSTEMPATH\CodeIgniter.php(355): CodeIgniter\CodeIgniter->handleRequest(null, Object(Config\Cache), false)
 8 SYSTEMPATH\Boot.php(334): CodeIgniter\CodeIgniter->run()
 9 SYSTEMPATH\Boot.php(67): CodeIgniter\Boot::runCodeIgniter(Object(CodeIgniter\CodeIgniter))
10 FCPATH\index.php(56): CodeIgniter\Boot::bootWeb(Object(Config\Paths))
11 SYSTEMPATH\rewrite.php(44): require_once('C:\\xampp\\htdocs\\finance-manager\\public\\index.php')
CRITICAL - 2024-12-29 18:15:34 --> TypeError: Unsupported operand types: string - int
[Method: GET, Route: /]
in APPPATH\Views\index.php on line 84.
 1 SYSTEMPATH\View\View.php(234): include()
 2 SYSTEMPATH\View\View.php(237): CodeIgniter\View\View->CodeIgniter\View\{closure}()
 3 SYSTEMPATH\Common.php(1171): CodeIgniter\View\View->render('index', [], true)
 4 APPPATH\Controllers\Home.php(22): view('index', [...])
 5 SYSTEMPATH\CodeIgniter.php(933): App\Controllers\Home->index()
 6 SYSTEMPATH\CodeIgniter.php(509): CodeIgniter\CodeIgniter->runController(Object(App\Controllers\Home))
 7 SYSTEMPATH\CodeIgniter.php(355): CodeIgniter\CodeIgniter->handleRequest(null, Object(Config\Cache), false)
 8 SYSTEMPATH\Boot.php(334): CodeIgniter\CodeIgniter->run()
 9 SYSTEMPATH\Boot.php(67): CodeIgniter\Boot::runCodeIgniter(Object(CodeIgniter\CodeIgniter))
10 FCPATH\index.php(56): CodeIgniter\Boot::bootWeb(Object(Config\Paths))
11 SYSTEMPATH\rewrite.php(44): require_once('C:\\xampp\\htdocs\\finance-manager\\public\\index.php')
CRITICAL - 2024-12-29 18:15:36 --> TypeError: Unsupported operand types: string - int
[Method: GET, Route: /]
in APPPATH\Views\index.php on line 84.
 1 SYSTEMPATH\View\View.php(234): include()
 2 SYSTEMPATH\View\View.php(237): CodeIgniter\View\View->CodeIgniter\View\{closure}()
 3 SYSTEMPATH\Common.php(1171): CodeIgniter\View\View->render('index', [], true)
 4 APPPATH\Controllers\Home.php(22): view('index', [...])
 5 SYSTEMPATH\CodeIgniter.php(933): App\Controllers\Home->index()
 6 SYSTEMPATH\CodeIgniter.php(509): CodeIgniter\CodeIgniter->runController(Object(App\Controllers\Home))
 7 SYSTEMPATH\CodeIgniter.php(355): CodeIgniter\CodeIgniter->handleRequest(null, Object(Config\Cache), false)
 8 SYSTEMPATH\Boot.php(334): CodeIgniter\CodeIgniter->run()
 9 SYSTEMPATH\Boot.php(67): CodeIgniter\Boot::runCodeIgniter(Object(CodeIgniter\CodeIgniter))
10 FCPATH\index.php(56): CodeIgniter\Boot::bootWeb(Object(Config\Paths))
11 SYSTEMPATH\rewrite.php(44): require_once('C:\\xampp\\htdocs\\finance-manager\\public\\index.php')
